2026-04-12 17:01:52,338 - INFO - 🚀 API Server started on port 8000
2026-04-12 17:01:52,339 - INFO - 📦 Available endpoints: ['run_crawler', 'save_raw', 'query_pending', 'save_analysis']
2026-04-12 17:02:53,598 - INFO - HTTP GET /health HTTP/1.1
2026-04-12 17:04:14,421 - INFO - HTTP GET /health HTTP/1.1
2026-04-12 17:04:14,624 - INFO - HTTP GET /favicon.ico HTTP/1.1
2026-04-12 17:04:31,858 - INFO - HTTP GET /health HTTP/1.1
2026-04-12 17:04:31,910 - INFO - HTTP GET /favicon.ico HTTP/1.1
2026-04-12 17:07:20,773 - INFO - 🚀 API Server started on port 8000
2026-04-12 17:07:20,774 - INFO - 📦 Available endpoints: ['run_crawler', 'save_raw', 'query_pending', 'save_analysis']
2026-04-12 18:00:07,591 - INFO - 🚀 API Server started on port 8000
2026-04-12 18:00:07,592 - INFO - 📦 Available endpoints: ['run_crawler', 'save_raw', 'query_pending', 'save_analysis']
2026-04-12 18:02:38,433 - INFO - 🚀 API Server started on port 8000
2026-04-12 18:02:38,433 - INFO - 📦 Available endpoints: ['run_crawler', 'save_raw', 'query_pending', 'save_analysis']
2026-04-12 18:02:50,342 - INFO - 🚀 API Server started on port 8000
2026-04-12 18:02:50,342 - INFO - 📦 Available endpoints: ['run_crawler', 'save_raw', 'query_pending', 'save_analysis']
2026-04-12 18:04:31,207 - INFO - 🚀 API Server started on port 8000
2026-04-12 18:04:31,207 - INFO - 📦 Available endpoints: ['run_crawler', 'save_raw', 'query_pending', 'save_analysis']
2026-04-12 18:08:19,664 - INFO - 🚀 API Server started on port 8000
2026-04-12 18:08:19,665 - INFO - 📦 Available endpoints: ['run_crawler', 'save_raw', 'query_pending', 'save_analysis']
2026-04-12 18:21:53,188 - INFO - 🚀 API Server started on port 8000
2026-04-12 18:21:53,189 - INFO - 📦 Available endpoints: ['run_crawler', 'save_raw', 'query_pending', 'save_analysis']
2026-04-12 18:25:29,178 - INFO - 🚀 API Server started on port 8000
2026-04-12 18:25:29,178 - INFO - 📦 Available endpoints: ['run_crawler', 'save_raw', 'query_pending', 'save_analysis']
2026-04-12 18:33:06,234 - INFO - 🚀 API Server started on port 8000
2026-04-12 18:33:06,234 - INFO - 📦 Available endpoints: ['run_crawler', 'save_raw', 'query_pending', 'save_analysis']
2026-04-12 18:39:36,581 - INFO - 🚀 API Server started on port 8000
2026-04-12 18:39:36,581 - INFO - 📦 Available endpoints: ['run_crawler', 'save_raw', 'query_pending', 'save_analysis']
2026-04-12 18:42:27,193 - INFO - 🚀 API Server started on port 8000
2026-04-12 18:42:27,194 - INFO - 📦 Available endpoints: ['run_crawler', 'save_raw', 'query_pending', 'save_analysis']
2026-04-12 18:48:37,370 - INFO - 🚀 API Server started on port 8000
2026-04-12 18:48:37,371 - INFO - 📦 Available endpoints: ['run_crawler', 'save_raw', 'query_pending', 'save_analysis']
2026-04-12 18:50:34,353 - INFO - 🚀 API Server started on port 8000
2026-04-12 18:50:34,353 - INFO - 📦 Available endpoints: ['run_crawler', 'save_raw', 'query_pending', 'save_analysis']
2026-04-12 23:54:10,251 - ERROR - Invalid JSON: Expecting property name enclosed in double quotes: line 1 column 2 (char 1)
2026-04-12 23:54:10,252 - INFO - HTTP POST /run_crawler HTTP/1.1
2026-04-12 23:56:03,290 - ERROR - Invalid JSON: Expecting property name enclosed in double quotes: line 1 column 2 (char 1)
2026-04-12 23:56:03,290 - INFO - HTTP POST /run_crawler HTTP/1.1
2026-04-12 23:57:00,685 - INFO - HTTP GET /health HTTP/1.1
2026-04-12 23:57:24,090 - INFO - Calling runner.py with payload: {}...
2026-04-12 23:57:24,533 - ERROR - runner.py failed: Traceback (most recent call last):
  File "/app/runner.py", line 16, in <module>
    from crawlers.xinhua import XinhuaCrawler
  File "/app/crawlers/__init__.py", line 4, in <module>
    from crawlers.base import BaseCrawler
  File "/app/crawlers/base.py", line 8, in <module>
    from utils import get_logger
  File "/app/utils.py", line 8, in <module>
    import requests
ModuleNotFoundError: No module named 'requests'

2026-04-12 23:57:24,533 - INFO - HTTP POST /run_crawler HTTP/1.1
2026-04-13 00:00:04,782 - INFO - 🚀 API Server started on port 8000
2026-04-13 00:00:04,783 - INFO - 📦 Available endpoints: ['run_crawler', 'save_raw', 'query_pending', 'save_analysis']
2026-04-13 00:00:26,258 - INFO - HTTP GET /health HTTP/1.1
2026-04-13 03:04:24,260 - INFO - Calling runner.py with payload keys: []
2026-04-13 03:04:24,752 - ERROR - runner.py failed: Traceback (most recent call last):
  File "/app/runner.py", line 16, in <module>
    from crawlers.xinhua import XinhuaCrawler
  File "/app/crawlers/__init__.py", line 4, in <module>
    from crawlers
2026-04-13 03:04:24,752 - INFO - HTTP POST /run_crawler HTTP/1.1
2026-04-13 03:14:23,555 - INFO - 🚀 API Server started on port 8000
2026-04-13 03:14:23,555 - INFO - 📦 Available endpoints: ['run_crawler', 'save_raw', 'query_pending', 'save_analysis']
2026-04-13 03:15:25,031 - INFO - HTTP GET /health HTTP/1.1
2026-04-13 03:15:36,737 - INFO - Calling runner.py with payload keys: ['count', 'source']
2026-04-13 03:17:33,873 - INFO - HTTP POST /run_crawler HTTP/1.1
2026-04-13 03:19:00,370 - INFO - Calling runner.py with payload keys: []
2026-04-13 03:20:20,274 - INFO - HTTP POST /run_crawler HTTP/1.1
2026-04-13 03:23:39,448 - INFO - Calling runner.py with payload keys: ['count', 'source']
2026-04-13 03:24:59,262 - INFO - HTTP POST /run_crawler HTTP/1.1
2026-04-13 03:24:59,263 - ERROR - Unhandled error in do_POST: [Errno 32] Broken pipe
Traceback (most recent call last):
  File "/app/api_server.py", line 90, in do_POST
    self._send_json(result, 200)
  File "/app/api_server.py", line 40, in _send_json
    self.wfile.write(response)
  File "/usr/local/lib/python3.11/socketserver.py", line 834, in write
    self._sock.sendall(b)
BrokenPipeError: [Errno 32] Broken pipe
2026-04-13 03:24:59,270 - INFO - HTTP POST /run_crawler HTTP/1.1
2026-04-13 03:27:35,514 - INFO - 🚀 API Server started on port 8000
2026-04-13 03:27:35,515 - INFO - 📦 Available endpoints: ['run_crawler', 'save_raw', 'query_pending', 'save_analysis']
2026-04-13 03:27:48,136 - INFO - Calling runner.py with payload keys: ['count', 'source']
2026-04-13 03:29:24,379 - INFO - HTTP POST /run_crawler HTTP/1.1
2026-04-13 03:30:42,599 - INFO - 🚀 API Server started on port 8000
2026-04-13 03:30:42,599 - INFO - 📦 Available endpoints: ['run_crawler', 'save_raw', 'query_pending', 'save_analysis']
2026-04-13 03:30:49,261 - INFO - Calling runner.py with payload keys: ['count', 'source']
2026-04-13 03:31:57,274 - INFO - HTTP POST /run_crawler HTTP/1.1
2026-04-13 03:31:57,275 - ERROR - Unhandled error in do_POST: [Errno 32] Broken pipe
Traceback (most recent call last):
  File "/app/api_server.py", line 90, in do_POST
    self._send_json(result, 200)
  File "/app/api_server.py", line 40, in _send_json
    self.wfile.write(response)
  File "/usr/local/lib/python3.11/socketserver.py", line 834, in write
    self._sock.sendall(b)
BrokenPipeError: [Errno 32] Broken pipe
2026-04-13 03:31:57,283 - INFO - HTTP POST /run_crawler HTTP/1.1
2026-04-13 03:33:32,309 - INFO - 🚀 API Server started on port 8000
2026-04-13 03:33:32,310 - INFO - 📦 Available endpoints: ['run_crawler', 'save_raw', 'query_pending', 'save_analysis']
2026-04-13 03:33:39,601 - INFO - Calling runner.py with payload keys: []
2026-04-13 03:33:40,037 - INFO - HTTP POST /run_crawler HTTP/1.1
2026-04-13 15:59:55,504 - INFO - 🚀 API Server started on port 8000
2026-04-13 15:59:55,505 - INFO - 📦 Available endpoints: ['run_crawler', 'save_raw', 'query_pending', 'save_analysis']
2026-04-13 16:02:38,894 - INFO - HTTP GET /health HTTP/1.1
2026-04-13 16:11:18,932 - INFO - Calling query_pending.py with payload keys: ['limit']
2026-04-13 16:11:19,216 - ERROR - query_pending.py failed: 
2026-04-13 16:11:19,216 - INFO - HTTP POST /query_pending HTTP/1.1
2026-04-13 16:16:54,797 - INFO - Calling runner.py with payload keys: []
2026-04-13 16:18:01,728 - INFO - HTTP POST /run_crawler HTTP/1.1
2026-04-13 16:18:01,838 - ERROR - Invalid JSON body: '{
    "news_list":  {
                      "value":  [
                                    {
  ...' - Error: Expecting ',' delimiter: line 18 column 55 (char 1229)
2026-04-13 16:18:01,839 - INFO - HTTP POST /save_raw HTTP/1.1
2026-04-13 16:19:42,427 - INFO - Calling runner.py with payload keys: []
2026-04-13 16:20:30,624 - INFO - HTTP POST /run_crawler HTTP/1.1
2026-04-13 16:20:30,650 - ERROR - Invalid JSON body: '[{"title":"?????????????????????","url":"https://www.news.cn/world/20260409/6e5732e0fdc54e6ab3eb2af2...' - Error: Expecting ',' delimiter: line 1 column 532 (char 531)
2026-04-13 16:20:30,650 - INFO - HTTP POST /save_raw HTTP/1.1
2026-04-13 16:26:04,108 - INFO - Calling runner.py with payload keys: []
2026-04-13 16:26:53,462 - INFO - HTTP POST /run_crawler HTTP/1.1
2026-04-13 16:26:53,524 - ERROR - Unhandled error in do_POST: 'list' object has no attribute 'keys'
Traceback (most recent call last):
  File "/app/api_server.py", line 70, in do_POST
    logging.info(f"Calling {script_name} with payload keys: {list(payload.keys())}")
                                                                  ^^^^^^^^^^^^
AttributeError: 'list' object has no attribute 'keys'
2026-04-13 16:26:53,533 - INFO - HTTP POST /save_raw HTTP/1.1
2026-04-13 16:26:53,557 - ERROR - Invalid JSON body: '{\...' - Error: Expecting property name enclosed in double quotes: line 1 column 2 (char 1)
2026-04-13 16:26:53,558 - INFO - HTTP POST /query_pending HTTP/1.1
2026-04-13 16:33:59,071 - INFO - Calling runner.py with payload keys: []
2026-04-13 16:34:59,288 - INFO - HTTP POST /run_crawler HTTP/1.1
2026-04-13 16:34:59,783 - ERROR - Invalid JSON body: '{\...' - Error: Expecting property name enclosed in double quotes: line 1 column 2 (char 1)
2026-04-13 16:34:59,783 - INFO - HTTP POST /query_pending HTTP/1.1
2026-04-13 16:36:58,650 - INFO - Calling runner.py with payload keys: []
2026-04-13 16:37:46,157 - INFO - HTTP POST /run_crawler HTTP/1.1
2026-04-14 03:48:29,361 - INFO - Calling query_pending.py with payload keys: ['limit']
2026-04-14 03:48:30,660 - INFO - HTTP POST /query_pending HTTP/1.1
2026-04-14 06:08:24,952 - INFO - 🚀 API Server started on port 8000
2026-04-14 06:08:24,952 - INFO - 📦 Available endpoints: ['run_crawler', 'save_raw', 'query_pending', 'save_analysis']
2026-04-14 06:11:11,698 - INFO - 🚀 API Server started on port 8000
2026-04-14 06:11:11,699 - INFO - 📦 Available endpoints: ['run_crawler', 'save_raw', 'query_pending', 'save_analysis']
2026-04-14 08:02:21,411 - INFO - Calling runner.py with payload keys: []
2026-04-14 08:04:02,706 - INFO - HTTP POST /run_crawler HTTP/1.1
2026-04-14 08:04:02,706 - ERROR - Unhandled error in do_POST: [Errno 32] Broken pipe
Traceback (most recent call last):
  File "/app/api_server.py", line 90, in do_POST
    self._send_json(result, 200)
  File "/app/api_server.py", line 40, in _send_json
    self.wfile.write(response)
  File "/usr/local/lib/python3.11/socketserver.py", line 834, in write
    self._sock.sendall(b)
BrokenPipeError: [Errno 32] Broken pipe
2026-04-14 08:04:02,713 - INFO - HTTP POST /run_crawler HTTP/1.1
2026-04-14 08:10:46,815 - INFO - 🚀 API Server started on port 8000
2026-04-14 08:10:46,816 - INFO - 📦 Available endpoints: ['run_crawler', 'save_raw', 'query_pending', 'save_analysis']
2026-04-14 08:12:10,106 - INFO - Executing run_crawler...
2026-04-14 08:13:39,659 - INFO - HTTP POST /run_crawler HTTP/1.1
2026-04-14 08:21:51,499 - INFO - HTTP GET /health HTTP/1.1
2026-04-14 08:21:51,644 - INFO - HTTP GET /favicon.ico HTTP/1.1
2026-04-14 08:30:06,847 - INFO - 🚀 API Server started on port 8000
2026-04-14 08:30:06,848 - INFO - 📦 Available endpoints: ['run_crawler', 'save_raw', 'query_pending', 'save_analysis']
2026-04-14 08:30:56,011 - INFO - Executing run_crawler...
2026-04-14 08:33:05,761 - INFO - HTTP POST /run_crawler HTTP/1.1
2026-04-14 08:35:23,560 - INFO - HTTP GET /health HTTP/1.1
2026-04-14 08:35:23,638 - INFO - HTTP GET /favicon.ico HTTP/1.1
2026-04-14 09:24:31,335 - INFO - Executing run_crawler...
2026-04-14 09:25:40,500 - INFO - HTTP POST /run_crawler HTTP/1.1
2026-04-14 09:25:40,520 - INFO - HTTP GET /health HTTP/1.1
2026-04-14 09:25:40,581 - INFO - HTTP GET /favicon.ico HTTP/1.1
2026-04-14 09:36:12,078 - INFO - ✅ API Server started on port 8000
2026-04-14 09:37:21,765 - INFO - 🚀 Calling runner.py with payload keys: []
2026-04-14 09:38:34,187 - INFO - ⚠️ Truncating list from 80 to 30 items for stability.
2026-04-14 09:56:06,687 - INFO - ✅ API Server started on port 8000
2026-04-14 09:57:50,190 - INFO - 🚀 Calling runner.py with payload keys: []
2026-04-14 09:58:51,953 - INFO - Limiting result to 10 items for browser stability.
2026-04-14 09:58:52,255 - INFO - 🚀 Calling save_raw.py with payload keys: ['news_list']
2026-04-14 09:58:52,456 - ERROR - ❌ save_raw.py failed with code 1
2026-04-14 10:19:51,597 - INFO - 🚀 Calling runner.py with payload keys: []
2026-04-14 10:20:57,652 - INFO - Limiting result to 10 items for browser stability.
2026-04-14 10:20:57,734 - INFO - 🚀 Calling save_raw.py with payload keys: ['news_list']
2026-04-14 10:20:57,961 - ERROR - ❌ save_raw.py failed with code 1
2026-04-14 10:29:27,692 - INFO - 🚀 Calling runner.py with payload keys: []
2026-04-14 10:30:45,809 - INFO - Limiting result to 10 items for browser stability.
2026-04-14 10:38:22,342 - INFO - 🚀 Calling runner.py with payload keys: []
2026-04-14 10:39:11,881 - INFO - Limiting result to 10 items for browser stability.
2026-04-14 10:41:07,690 - INFO - 🚀 Calling runner.py with payload keys: []
2026-04-14 10:42:07,125 - INFO - Limiting result to 10 items for browser stability.
2026-04-14 11:02:48,145 - INFO - 🚀 Calling runner.py with payload keys: ['count', 'source']
2026-04-14 11:03:55,097 - INFO - Limiting result to 10 items for browser stability.
2026-04-14 11:34:37,870 - INFO - 🚀 Calling runner.py with payload keys: []
2026-04-14 11:35:28,827 - INFO - Limiting result to 10 items for browser stability.
2026-04-14 11:40:19,811 - INFO - 🚀 Calling save_raw.py with payload keys: ['title', 'url', 'publish_time', 'source', 'summary', 'content', 'tags']
2026-04-14 11:40:20,017 - INFO - 🚀 Calling save_raw.py with payload keys: ['title', 'url', 'publish_time', 'source', 'summary', 'content', 'tags']
2026-04-14 11:40:20,082 - INFO - 🚀 Calling save_raw.py with payload keys: ['title', 'url', 'publish_time', 'source', 'summary', 'content', 'tags']
2026-04-14 11:40:20,155 - INFO - 🚀 Calling save_raw.py with payload keys: ['title', 'url', 'publish_time', 'source', 'summary', 'content', 'tags']
2026-04-14 11:40:20,235 - INFO - 🚀 Calling save_raw.py with payload keys: ['title', 'url', 'publish_time', 'source', 'summary', 'content', 'tags']
2026-04-14 11:40:20,307 - INFO - 🚀 Calling save_raw.py with payload keys: ['title', 'url', 'publish_time', 'source', 'summary', 'content', 'tags']
2026-04-14 11:40:20,377 - INFO - 🚀 Calling save_raw.py with payload keys: ['title', 'url', 'publish_time', 'source', 'summary', 'content', 'tags']
2026-04-14 11:40:20,825 - INFO - 🚀 Calling save_raw.py with payload keys: ['title', 'url', 'publish_time', 'source', 'summary', 'content', 'tags']
2026-04-14 11:40:20,897 - INFO - 🚀 Calling save_raw.py with payload keys: ['title', 'url', 'publish_time', 'source', 'summary', 'content', 'tags']
2026-04-14 11:40:20,975 - INFO - 🚀 Calling save_raw.py with payload keys: ['title', 'url', 'publish_time', 'source', 'summary', 'content', 'tags']
2026-04-14 11:43:58,011 - ERROR - 🔥 Unhandled error in do_POST: 'list' object has no attribute 'keys'
Traceback (most recent call last):
  File "/app/api_server.py", line 74, in do_POST
    # 4. 鲁棒解析 JSON (从 stdout 的最后一行提取)
                                                  
AttributeError: 'list' object has no attribute 'keys'
2026-04-14 11:46:58,757 - INFO - 🚀 Calling save_raw.py with payload keys: ['news_list']
2026-04-14 11:49:08,772 - INFO - 🚀 Calling runner.py with payload keys: []
2026-04-14 11:50:21,606 - INFO - Limiting result to 10 items for browser stability.
2026-04-14 11:50:21,633 - INFO - 🚀 Calling save_raw.py with payload keys: ['news_list']
2026-04-14 11:52:27,353 - INFO - 🚀 Calling query_pending.py with payload keys: ['limit']
2026-04-14 14:20:17,443 - INFO - 🚀 Calling query_pending.py with payload keys: ['limit']
2026-04-14 14:44:22,252 - INFO - 🚀 Calling query_pending.py with payload keys: ['limit']
2026-04-14 14:44:23,106 - WARNING - Unknown endpoint: preprocess
2026-04-14 14:51:31,541 - INFO - ✅ API Server started on port 8000
2026-04-14 14:52:02,895 - INFO - ✅ API Server started on port 8000
2026-04-14 14:53:35,727 - INFO - 🚀 Calling preprocess.py
2026-04-14 14:54:01,300 - INFO - 🚀 Calling query_pending.py
2026-04-14 15:05:21,388 - INFO - ✅ API Server started on port 8000
2026-04-14 15:05:30,435 - INFO - 🚀 Calling runner.py
2026-04-14 15:06:33,894 - INFO - 🚀 Calling save_raw.py
2026-04-14 15:07:25,602 - INFO - 🚀 Calling query_pending.py
2026-04-14 15:07:25,717 - ERROR - ❌ Script failed: 
2026-04-14 15:07:47,570 - INFO - 🚀 Calling query_pending.py
2026-04-14 15:07:47,665 - ERROR - ❌ Script failed: 
2026-04-14 15:08:32,146 - INFO - 🚀 Calling query_pending.py
2026-04-14 15:08:32,240 - ERROR - ❌ Script failed: 
2026-04-14 15:14:53,221 - INFO - ✅ API Server started on port 8000
2026-04-14 15:15:07,167 - INFO - 🚀 Calling runner.py
2026-04-14 15:16:09,147 - INFO - 🚀 Calling save_raw.py
2026-04-14 15:16:20,934 - INFO - 🚀 Calling query_pending.py
2026-04-14 15:16:31,348 - INFO - 🚀 Calling preprocess.py
2026-04-14 15:22:28,178 - INFO - 🚀 Calling query_pending.py
2026-04-14 15:22:28,271 - INFO - 🚀 Calling preprocess.py
2026-04-14 15:51:44,127 - INFO - 🚀 Calling save_analysis.py
2026-04-14 15:55:41,441 - INFO - 🚀 Calling query_pending.py
2026-04-14 15:56:10,174 - INFO - 🚀 Calling query_pending.py
2026-04-14 17:00:00,241 - INFO - 🚀 Calling runner.py
2026-04-14 17:01:04,342 - INFO - 🚀 Calling save_raw.py
2026-04-14 18:00:00,196 - INFO - 🚀 Calling runner.py
2026-04-14 18:00:56,607 - INFO - 🚀 Calling save_raw.py
2026-04-14 19:00:00,266 - INFO - 🚀 Calling runner.py
2026-04-14 19:00:55,447 - INFO - 🚀 Calling save_raw.py
2026-04-14 20:00:00,254 - INFO - 🚀 Calling runner.py
2026-04-14 20:00:54,127 - INFO - 🚀 Calling save_raw.py
2026-04-14 21:00:00,263 - INFO - 🚀 Calling runner.py
2026-04-14 21:00:51,105 - INFO - 🚀 Calling save_raw.py
2026-04-14 22:00:00,202 - INFO - 🚀 Calling runner.py
2026-04-14 22:01:00,007 - INFO - 🚀 Calling save_raw.py
2026-04-14 23:00:00,231 - INFO - 🚀 Calling runner.py
2026-04-14 23:00:57,360 - INFO - 🚀 Calling save_raw.py
2026-04-14 23:16:50,034 - INFO - 🚀 Calling query_pending.py
2026-04-14 23:18:09,092 - INFO - 🚀 Calling preprocess.py
2026-04-14 23:18:36,691 - INFO - 🚀 Calling save_analysis.py
2026-04-14 23:45:00,309 - INFO - 🚀 Calling query_pending.py
2026-04-15 00:00:00,870 - INFO - 🚀 Calling runner.py
2026-04-15 00:02:07,565 - INFO - 🚀 Calling query_pending.py
2026-04-15 00:02:07,780 - INFO - 🚀 Calling save_raw.py
2026-04-15 00:11:48,963 - INFO - 🚀 Calling runner.py
2026-04-15 00:13:29,622 - INFO - 🚀 Calling save_raw.py
2026-04-15 00:13:29,745 - INFO - 🚀 Calling save_raw.py
2026-04-15 00:13:29,858 - INFO - 🚀 Calling save_raw.py
2026-04-15 00:13:30,059 - INFO - 🚀 Calling save_raw.py
2026-04-15 00:13:30,228 - INFO - 🚀 Calling save_raw.py
2026-04-15 00:13:30,330 - INFO - 🚀 Calling save_raw.py
2026-04-15 00:13:30,499 - INFO - 🚀 Calling save_raw.py
2026-04-15 00:13:30,764 - INFO - 🚀 Calling save_raw.py
2026-04-15 00:13:30,901 - INFO - 🚀 Calling save_raw.py
2026-04-15 00:13:31,041 - INFO - 🚀 Calling save_raw.py
2026-04-15 00:13:31,272 - INFO - 🚀 Calling save_raw.py
2026-04-15 00:13:31,381 - INFO - 🚀 Calling save_raw.py
2026-04-15 00:13:31,510 - INFO - 🚀 Calling save_raw.py
2026-04-15 00:16:30,647 - INFO - 🚀 Calling save_raw.py
2026-04-15 00:16:30,963 - INFO - 🚀 Calling save_raw.py
2026-04-15 00:16:31,271 - INFO - 🚀 Calling save_raw.py
2026-04-15 00:16:31,562 - INFO - 🚀 Calling save_raw.py
2026-04-15 00:16:31,865 - INFO - 🚀 Calling save_raw.py
2026-04-15 00:16:32,164 - INFO - 🚀 Calling save_raw.py
2026-04-15 00:16:32,468 - INFO - 🚀 Calling save_raw.py
2026-04-15 00:16:32,773 - INFO - 🚀 Calling save_raw.py
2026-04-15 00:16:33,078 - INFO - 🚀 Calling save_raw.py
2026-04-15 00:16:33,379 - INFO - 🚀 Calling save_raw.py
2026-04-15 00:16:33,682 - INFO - 🚀 Calling save_raw.py
2026-04-15 00:16:33,981 - INFO - 🚀 Calling save_raw.py
2026-04-15 00:16:34,286 - INFO - 🚀 Calling save_raw.py
2026-04-15 00:16:34,595 - INFO - 🚀 Calling save_raw.py
2026-04-15 00:16:34,952 - INFO - 🚀 Calling save_raw.py
2026-04-15 00:16:35,200 - INFO - 🚀 Calling save_raw.py
2026-04-15 00:16:35,501 - INFO - 🚀 Calling save_raw.py
2026-04-15 00:16:35,806 - INFO - 🚀 Calling save_raw.py
2026-04-15 00:16:36,108 - INFO - 🚀 Calling save_raw.py
2026-04-15 00:16:36,491 - INFO - 🚀 Calling save_raw.py
2026-04-15 00:25:08,402 - INFO - 🚀 Calling save_raw.py
2026-04-15 00:25:08,702 - INFO - 🚀 Calling save_raw.py
2026-04-15 00:25:09,002 - INFO - 🚀 Calling save_raw.py
2026-04-15 00:25:09,304 - INFO - 🚀 Calling save_raw.py
2026-04-15 00:25:09,605 - INFO - 🚀 Calling save_raw.py
2026-04-15 00:25:09,906 - INFO - 🚀 Calling save_raw.py
2026-04-15 00:25:10,263 - INFO - 🚀 Calling save_raw.py
2026-04-15 00:25:10,507 - INFO - 🚀 Calling save_raw.py
2026-04-15 00:25:10,845 - INFO - 🚀 Calling save_raw.py
2026-04-15 00:25:11,110 - INFO - 🚀 Calling save_raw.py
2026-04-15 00:25:11,411 - INFO - 🚀 Calling save_raw.py
2026-04-15 00:25:11,713 - INFO - 🚀 Calling save_raw.py
2026-04-15 00:25:12,013 - INFO - 🚀 Calling save_raw.py
2026-04-15 00:25:12,314 - INFO - 🚀 Calling save_raw.py
2026-04-15 00:25:12,616 - INFO - 🚀 Calling save_raw.py
2026-04-15 00:25:12,917 - INFO - 🚀 Calling save_raw.py
2026-04-15 00:25:13,218 - INFO - 🚀 Calling save_raw.py
2026-04-15 00:25:13,519 - INFO - 🚀 Calling save_raw.py
2026-04-15 00:25:13,821 - INFO - 🚀 Calling save_raw.py
2026-04-15 00:25:14,126 - INFO - 🚀 Calling save_raw.py
2026-04-15 00:27:59,900 - INFO - 🚀 Calling query_pending.py
2026-04-15 00:28:00,578 - INFO - 🚀 Calling preprocess.py
2026-04-15 00:28:00,622 - INFO - 🚀 Calling preprocess.py
2026-04-15 00:28:00,662 - INFO - 🚀 Calling preprocess.py
2026-04-15 00:28:00,702 - INFO - 🚀 Calling preprocess.py
2026-04-15 00:28:00,742 - INFO - 🚀 Calling preprocess.py
2026-04-15 00:29:03,301 - INFO - 🚀 Calling save_analysis.py
2026-04-15 00:33:34,404 - INFO - 🚀 Calling query_pending.py
2026-04-15 00:33:35,068 - INFO - 🚀 Calling preprocess.py
2026-04-15 00:33:35,113 - INFO - 🚀 Calling preprocess.py
2026-04-15 00:33:35,158 - INFO - 🚀 Calling preprocess.py
2026-04-15 00:34:32,766 - INFO - 🚀 Calling save_analysis.py
2026-04-15 01:00:00,191 - INFO - 🚀 Calling runner.py
2026-04-15 01:02:28,103 - INFO - 🚀 Calling save_raw.py
2026-04-15 02:00:00,175 - INFO - 🚀 Calling runner.py
2026-04-15 03:00:00,200 - INFO - 🚀 Calling runner.py
2026-04-15 03:01:43,573 - INFO - 🚀 Calling save_raw.py
2026-04-15 03:07:16,024 - INFO - 🚀 Calling save_analysis.py
2026-04-15 04:00:00,505 - INFO - 🚀 Calling runner.py
2026-04-15 04:01:45,381 - INFO - 🚀 Calling save_raw.py
2026-04-15 04:01:45,827 - INFO - 🚀 Calling save_raw.py
2026-04-15 04:01:46,072 - INFO - 🚀 Calling save_raw.py
2026-04-15 04:01:46,277 - INFO - 🚀 Calling save_raw.py
2026-04-15 04:01:46,583 - INFO - 🚀 Calling save_raw.py
2026-04-15 04:01:46,946 - INFO - 🚀 Calling save_raw.py
2026-04-15 04:01:47,249 - INFO - 🚀 Calling save_raw.py
2026-04-15 04:01:47,611 - INFO - 🚀 Calling save_raw.py
2026-04-15 04:01:47,788 - INFO - 🚀 Calling save_raw.py
2026-04-15 04:01:48,096 - INFO - 🚀 Calling save_raw.py
2026-04-15 04:01:48,391 - INFO - 🚀 Calling save_raw.py
2026-04-15 04:01:48,699 - INFO - 🚀 Calling save_raw.py
2026-04-15 04:01:49,103 - INFO - 🚀 Calling save_raw.py
2026-04-15 04:01:49,302 - INFO - 🚀 Calling save_raw.py
2026-04-15 04:01:51,096 - INFO - 🚀 Calling save_raw.py
2026-04-15 04:01:51,500 - INFO - 🚀 Calling save_raw.py
2026-04-15 04:01:51,674 - INFO - 🚀 Calling save_raw.py
2026-04-15 04:01:51,903 - INFO - 🚀 Calling save_raw.py
2026-04-15 04:01:52,153 - INFO - 🚀 Calling save_raw.py
2026-04-15 04:01:52,341 - INFO - 🚀 Calling save_raw.py
2026-04-15 05:00:00,281 - INFO - 🚀 Calling runner.py
2026-04-15 05:41:03,215 - INFO - 🚀 Calling runner.py
2026-04-15 05:42:55,164 - INFO - 🚀 Calling save_raw.py
2026-04-15 05:42:55,464 - INFO - 🚀 Calling save_raw.py
2026-04-15 05:42:55,763 - INFO - 🚀 Calling save_raw.py
2026-04-15 05:42:56,063 - INFO - 🚀 Calling save_raw.py
2026-04-15 05:42:56,365 - INFO - 🚀 Calling save_raw.py
2026-04-15 05:42:56,666 - INFO - 🚀 Calling save_raw.py
2026-04-15 05:42:56,966 - INFO - 🚀 Calling save_raw.py
2026-04-15 05:42:57,268 - INFO - 🚀 Calling save_raw.py
2026-04-15 05:42:57,570 - INFO - 🚀 Calling save_raw.py
2026-04-15 05:42:57,872 - INFO - 🚀 Calling save_raw.py
2026-04-15 05:42:58,172 - INFO - 🚀 Calling save_raw.py
2026-04-15 05:42:58,473 - INFO - 🚀 Calling save_raw.py
2026-04-15 05:42:58,775 - INFO - 🚀 Calling save_raw.py
2026-04-15 05:42:59,076 - INFO - 🚀 Calling save_raw.py
2026-04-15 05:42:59,377 - INFO - 🚀 Calling save_raw.py
2026-04-15 05:42:59,678 - INFO - 🚀 Calling save_raw.py
2026-04-15 05:42:59,979 - INFO - 🚀 Calling save_raw.py
2026-04-15 05:43:00,279 - INFO - 🚀 Calling save_raw.py
2026-04-15 05:43:00,580 - INFO - 🚀 Calling save_raw.py
2026-04-15 05:43:00,888 - INFO - 🚀 Calling save_raw.py
2026-04-15 06:00:00,264 - INFO - 🚀 Calling runner.py
2026-04-15 06:02:02,168 - INFO - 🚀 Calling save_raw.py
2026-04-15 06:02:02,469 - INFO - 🚀 Calling save_raw.py
2026-04-15 06:02:02,771 - INFO - 🚀 Calling save_raw.py
2026-04-15 06:02:03,075 - INFO - 🚀 Calling save_raw.py
2026-04-15 06:02:03,374 - INFO - 🚀 Calling save_raw.py
2026-04-15 06:02:03,675 - INFO - 🚀 Calling save_raw.py
2026-04-15 06:02:03,975 - INFO - 🚀 Calling save_raw.py
2026-04-15 06:02:04,277 - INFO - 🚀 Calling save_raw.py
2026-04-15 06:02:04,578 - INFO - 🚀 Calling save_raw.py
2026-04-15 06:02:04,880 - INFO - 🚀 Calling save_raw.py
2026-04-15 06:02:05,181 - INFO - 🚀 Calling save_raw.py
2026-04-15 06:02:05,526 - INFO - 🚀 Calling save_raw.py
2026-04-15 06:02:05,783 - INFO - 🚀 Calling save_raw.py
2026-04-15 06:02:06,083 - INFO - 🚀 Calling save_raw.py
2026-04-15 06:02:06,385 - INFO - 🚀 Calling save_raw.py
2026-04-15 06:02:06,686 - INFO - 🚀 Calling save_raw.py
2026-04-15 06:02:06,988 - INFO - 🚀 Calling save_raw.py
2026-04-15 06:02:07,291 - INFO - 🚀 Calling save_raw.py
2026-04-15 06:02:07,592 - INFO - 🚀 Calling save_raw.py
2026-04-15 06:02:07,892 - INFO - 🚀 Calling save_raw.py
2026-04-15 06:10:13,162 - INFO - 🚀 Calling query_pending.py
2026-04-15 06:10:21,655 - INFO - 🚀 Calling preprocess.py
2026-04-15 06:10:21,700 - INFO - 🚀 Calling preprocess.py
2026-04-15 06:10:21,757 - INFO - 🚀 Calling preprocess.py
2026-04-15 06:10:21,807 - INFO - 🚀 Calling preprocess.py
2026-04-15 06:10:21,857 - INFO - 🚀 Calling preprocess.py
2026-04-15 06:10:21,915 - INFO - 🚀 Calling preprocess.py
2026-04-15 07:00:00,233 - INFO - 🚀 Calling runner.py
2026-04-15 07:01:53,264 - INFO - 🚀 Calling save_raw.py
2026-04-15 07:01:53,565 - INFO - 🚀 Calling save_raw.py
2026-04-15 07:01:53,866 - INFO - 🚀 Calling save_raw.py
2026-04-15 07:01:54,167 - INFO - 🚀 Calling save_raw.py
2026-04-15 07:01:54,468 - INFO - 🚀 Calling save_raw.py
2026-04-15 07:01:54,769 - INFO - 🚀 Calling save_raw.py
2026-04-15 07:01:55,070 - INFO - 🚀 Calling save_raw.py
2026-04-15 07:01:55,371 - INFO - 🚀 Calling save_raw.py
2026-04-15 07:01:55,670 - INFO - 🚀 Calling save_raw.py
2026-04-15 07:01:55,971 - INFO - 🚀 Calling save_raw.py
2026-04-15 07:01:56,272 - INFO - 🚀 Calling save_raw.py
2026-04-15 07:01:56,573 - INFO - 🚀 Calling save_raw.py
2026-04-15 07:01:56,886 - INFO - 🚀 Calling save_raw.py
2026-04-15 07:01:57,175 - INFO - 🚀 Calling save_raw.py
2026-04-15 07:01:57,476 - INFO - 🚀 Calling save_raw.py
2026-04-15 07:01:57,779 - INFO - 🚀 Calling save_raw.py
2026-04-15 07:01:58,080 - INFO - 🚀 Calling save_raw.py
2026-04-15 07:01:58,380 - INFO - 🚀 Calling save_raw.py
2026-04-15 07:01:58,682 - INFO - 🚀 Calling save_raw.py
2026-04-15 07:01:58,983 - INFO - 🚀 Calling save_raw.py
2026-04-15 07:20:39,139 - INFO - 🚀 Calling runner.py
2026-04-15 07:22:25,736 - INFO - 🚀 Calling save_raw.py
2026-04-15 07:22:26,035 - INFO - 🚀 Calling save_raw.py
2026-04-15 07:22:26,337 - INFO - 🚀 Calling save_raw.py
2026-04-15 07:22:26,642 - INFO - 🚀 Calling save_raw.py
2026-04-15 07:22:26,940 - INFO - 🚀 Calling save_raw.py
2026-04-15 07:22:27,241 - INFO - 🚀 Calling save_raw.py
2026-04-15 07:22:27,543 - INFO - 🚀 Calling save_raw.py
2026-04-15 07:22:27,843 - INFO - 🚀 Calling save_raw.py
2026-04-15 07:22:28,144 - INFO - 🚀 Calling save_raw.py
2026-04-15 07:22:28,445 - INFO - 🚀 Calling save_raw.py
2026-04-15 07:22:28,747 - INFO - 🚀 Calling save_raw.py
2026-04-15 07:22:29,047 - INFO - 🚀 Calling save_raw.py
2026-04-15 07:22:29,348 - INFO - 🚀 Calling save_raw.py
2026-04-15 07:22:29,650 - INFO - 🚀 Calling save_raw.py
2026-04-15 07:22:29,951 - INFO - 🚀 Calling save_raw.py
2026-04-15 07:22:30,253 - INFO - 🚀 Calling save_raw.py
2026-04-15 07:22:30,553 - INFO - 🚀 Calling save_raw.py
2026-04-15 07:22:30,855 - INFO - 🚀 Calling save_raw.py
2026-04-15 07:22:31,155 - INFO - 🚀 Calling save_raw.py
2026-04-15 07:22:31,463 - INFO - 🚀 Calling save_raw.py
2026-04-15 08:00:00,331 - INFO - 🚀 Calling runner.py
2026-04-15 08:01:12,308 - INFO - 🚀 Calling save_raw.py
2026-04-15 08:01:12,609 - INFO - 🚀 Calling save_raw.py
2026-04-15 08:01:12,909 - INFO - 🚀 Calling save_raw.py
2026-04-15 08:01:13,211 - INFO - 🚀 Calling save_raw.py
2026-04-15 08:01:13,513 - INFO - 🚀 Calling save_raw.py
2026-04-15 08:01:13,815 - INFO - 🚀 Calling save_raw.py
2026-04-15 08:01:14,116 - INFO - 🚀 Calling save_raw.py
2026-04-15 08:01:14,417 - INFO - 🚀 Calling save_raw.py
2026-04-15 08:01:14,719 - INFO - 🚀 Calling save_raw.py
2026-04-15 08:01:15,020 - INFO - 🚀 Calling save_raw.py
2026-04-15 08:01:15,321 - INFO - 🚀 Calling save_raw.py
2026-04-15 08:01:15,622 - INFO - 🚀 Calling save_raw.py
2026-04-15 08:01:15,925 - INFO - 🚀 Calling save_raw.py
2026-04-15 08:01:16,227 - INFO - 🚀 Calling save_raw.py
2026-04-15 08:01:16,528 - INFO - 🚀 Calling save_raw.py
2026-04-15 08:01:16,829 - INFO - 🚀 Calling save_raw.py
2026-04-15 08:01:17,130 - INFO - 🚀 Calling save_raw.py
2026-04-15 08:01:17,432 - INFO - 🚀 Calling save_raw.py
2026-04-15 08:01:17,734 - INFO - 🚀 Calling save_raw.py
2026-04-15 08:01:18,038 - INFO - 🚀 Calling save_raw.py
2026-04-15 09:00:00,462 - INFO - 🚀 Calling runner.py
2026-04-15 09:02:14,484 - INFO - 🚀 Calling save_raw.py
2026-04-15 09:02:14,835 - INFO - 🚀 Calling save_raw.py
2026-04-15 09:02:15,094 - INFO - 🚀 Calling save_raw.py
2026-04-15 09:02:15,392 - INFO - 🚀 Calling save_raw.py
2026-04-15 09:02:16,790 - INFO - 🚀 Calling save_raw.py
2026-04-15 09:02:17,086 - INFO - 🚀 Calling save_raw.py
2026-04-15 09:02:17,250 - INFO - 🚀 Calling save_raw.py
2026-04-15 09:02:17,551 - INFO - 🚀 Calling save_raw.py
2026-04-15 09:02:17,834 - INFO - 🚀 Calling save_raw.py
2026-04-15 09:02:18,097 - INFO - 🚀 Calling save_raw.py
2026-04-15 09:02:18,298 - INFO - 🚀 Calling save_raw.py
2026-04-15 09:02:19,433 - INFO - 🚀 Calling save_raw.py
2026-04-15 09:02:19,674 - INFO - 🚀 Calling save_raw.py
2026-04-15 09:02:19,811 - INFO - 🚀 Calling save_raw.py
2026-04-15 09:02:19,899 - INFO - 🚀 Calling save_raw.py
2026-04-15 09:02:20,062 - INFO - 🚀 Calling save_raw.py
2026-04-15 09:02:20,303 - INFO - 🚀 Calling save_raw.py
2026-04-15 09:02:20,483 - INFO - 🚀 Calling save_raw.py
2026-04-15 09:02:20,733 - INFO - 🚀 Calling save_raw.py
2026-04-15 09:02:20,902 - INFO - 🚀 Calling save_raw.py
2026-04-15 10:01:05,905 - INFO - 🚀 Calling runner.py
2026-04-15 10:03:02,991 - INFO - 🚀 Calling save_raw.py
2026-04-15 10:03:03,293 - INFO - 🚀 Calling save_raw.py
2026-04-15 10:03:03,594 - INFO - 🚀 Calling save_raw.py
2026-04-15 10:03:03,894 - INFO - 🚀 Calling save_raw.py
2026-04-15 10:03:04,196 - INFO - 🚀 Calling save_raw.py
2026-04-15 10:03:04,497 - INFO - 🚀 Calling save_raw.py
2026-04-15 10:03:04,798 - INFO - 🚀 Calling save_raw.py
2026-04-15 10:03:05,099 - INFO - 🚀 Calling save_raw.py
2026-04-15 10:03:05,400 - INFO - 🚀 Calling save_raw.py
2026-04-15 10:03:05,701 - INFO - 🚀 Calling save_raw.py
2026-04-15 10:03:06,005 - INFO - 🚀 Calling save_raw.py
2026-04-15 10:03:06,305 - INFO - 🚀 Calling save_raw.py
2026-04-15 10:03:06,605 - INFO - 🚀 Calling save_raw.py
2026-04-15 10:03:06,907 - INFO - 🚀 Calling save_raw.py
2026-04-15 10:03:07,208 - INFO - 🚀 Calling save_raw.py
2026-04-15 10:03:07,509 - INFO - 🚀 Calling save_raw.py
2026-04-15 10:03:07,810 - INFO - 🚀 Calling save_raw.py
2026-04-15 10:03:08,108 - INFO - 🚀 Calling save_raw.py
2026-04-15 10:03:08,409 - INFO - 🚀 Calling save_raw.py
2026-04-15 10:03:08,711 - INFO - 🚀 Calling save_raw.py
2026-04-15 10:24:24,980 - INFO - ✅ API Server started on port 8000
2026-04-15 10:28:59,629 - INFO - 🚀 Calling runner.py
2026-04-15 11:00:00,250 - INFO - 🚀 Calling runner.py
2026-04-15 11:00:32,830 - INFO - 🚀 Calling save_raw.py
2026-04-15 11:00:33,193 - INFO - 🚀 Calling save_raw.py
2026-04-15 11:00:33,431 - INFO - 🚀 Calling save_raw.py
2026-04-15 11:00:33,732 - INFO - 🚀 Calling save_raw.py
2026-04-15 11:00:34,034 - INFO - 🚀 Calling save_raw.py
2026-04-15 11:00:34,336 - INFO - 🚀 Calling save_raw.py
2026-04-15 11:00:34,635 - INFO - 🚀 Calling save_raw.py
2026-04-15 11:00:34,938 - INFO - 🚀 Calling save_raw.py
2026-04-15 11:00:35,238 - INFO - 🚀 Calling save_raw.py
2026-04-15 11:00:35,540 - INFO - 🚀 Calling save_raw.py
2026-04-15 11:00:35,841 - INFO - 🚀 Calling save_raw.py
2026-04-15 11:00:36,142 - INFO - 🚀 Calling save_raw.py
2026-04-15 11:00:36,445 - INFO - 🚀 Calling save_raw.py
2026-04-15 11:00:36,745 - INFO - 🚀 Calling save_raw.py
2026-04-15 11:00:37,203 - INFO - 🚀 Calling save_raw.py
2026-04-15 11:00:37,357 - INFO - 🚀 Calling save_raw.py
2026-04-15 11:00:37,649 - INFO - 🚀 Calling save_raw.py
2026-04-15 11:00:37,949 - INFO - 🚀 Calling save_raw.py
2026-04-15 11:00:38,251 - INFO - 🚀 Calling save_raw.py
2026-04-15 11:00:38,551 - INFO - 🚀 Calling save_raw.py
2026-04-15 11:15:12,764 - INFO - 🚀 Calling runner.py
2026-04-15 11:23:26,984 - INFO - 🚀 Running run_crawler for all (count=5)
2026-04-15 11:46:04,611 - INFO - 🚀 Running run_crawler for all (count=5)
2026-04-15 11:46:28,844 - INFO - 🚀 Running run_crawler for ce (count=5)
2026-04-15 11:46:29,631 - INFO - 🚀 Running run_crawler for ce (count=5)
2026-04-15 11:46:30,320 - INFO - 🚀 Running run_crawler for ce (count=5)
2026-04-15 11:46:31,093 - INFO - 🚀 Running run_crawler for ce (count=5)
2026-04-15 11:46:31,778 - INFO - 🚀 Running run_crawler for ce (count=5)
2026-04-15 11:46:32,453 - INFO - 🚀 Running run_crawler for people (count=5)
2026-04-15 11:46:33,152 - INFO - 🚀 Running run_crawler for people (count=5)
2026-04-15 11:46:33,772 - INFO - 🚀 Running run_crawler for chinanews (count=5)
2026-04-15 11:46:36,523 - INFO - 🚀 Running run_crawler for chinanews (count=5)
2026-04-15 11:46:37,673 - INFO - 🚀 Running run_crawler for chinanews (count=5)
2026-04-15 11:46:38,780 - INFO - 🚀 Running run_crawler for chinanews (count=5)
2026-04-15 11:46:39,902 - INFO - 🚀 Running run_crawler for chinanews (count=5)
2026-04-15 11:46:41,060 - INFO - 🚀 Running run_crawler for xinhua (count=5)
2026-04-15 11:46:42,952 - INFO - 🚀 Running run_crawler for apnews (count=5)
2026-04-15 11:46:46,043 - INFO - 🚀 Running run_crawler for xinhua (count=5)
2026-04-15 11:46:46,830 - INFO - 🚀 Running run_crawler for cctv (count=5)
2026-04-15 11:46:47,758 - INFO - 🚀 Running run_crawler for cctv (count=5)
2026-04-15 11:46:48,658 - INFO - 🚀 Running run_crawler for cctv (count=5)
2026-04-15 11:46:49,549 - INFO - 🚀 Running run_crawler for cctv (count=5)
2026-04-15 11:46:50,462 - INFO - 🚀 Running run_crawler for cctv (count=5)
2026-04-15 11:46:56,453 - INFO - 🚀 Running run_crawler for apnews (count=5)
2026-04-15 11:46:59,494 - INFO - 🚀 Running run_crawler for apnews (count=5)
2026-04-15 11:47:02,677 - INFO - 🚀 Running run_crawler for apnews (count=5)
2026-04-15 11:47:05,687 - INFO - 🚀 Running run_crawler for apnews (count=5)
2026-04-15 11:47:08,810 - INFO - 🚀 Running run_crawler for afp (count=5)
2026-04-15 11:47:11,924 - INFO - 🚀 Running run_crawler for afp (count=5)
2026-04-15 11:47:14,749 - INFO - 🚀 Running run_crawler for people (count=5)
2026-04-15 11:47:23,074 - INFO - 🚀 Running run_crawler for people (count=5)
2026-04-15 11:47:23,779 - INFO - 🚀 Running run_crawler for people (count=5)
2026-04-15 11:47:24,421 - INFO - 🚀 Running run_crawler for bbc (count=5)
2026-04-15 11:47:29,724 - INFO - 🚀 Running run_crawler for bbc (count=5)
2026-04-15 11:47:30,998 - INFO - 🚀 Running run_crawler for bbc (count=5)
2026-04-15 11:47:32,607 - INFO - 🚀 Running run_crawler for guardian (count=5)
2026-04-15 12:00:00,231 - INFO - 🚀 Running run_crawler for all (count=5)
2026-04-15 12:00:15,456 - INFO - 🚀 Running run_crawler for ce (count=5)
2026-04-15 12:00:16,137 - INFO - 🚀 Running run_crawler for ce (count=5)
2026-04-15 12:00:16,830 - INFO - 🚀 Running run_crawler for ce (count=5)
2026-04-15 12:00:17,547 - INFO - 🚀 Running run_crawler for ce (count=5)
2026-04-15 12:00:18,208 - INFO - 🚀 Running run_crawler for ce (count=5)
2026-04-15 12:00:18,881 - INFO - 🚀 Running run_crawler for people (count=5)
2026-04-15 12:00:19,610 - INFO - 🚀 Running run_crawler for people (count=5)
2026-04-15 12:00:20,336 - INFO - 🚀 Running run_crawler for people (count=5)
2026-04-15 12:00:20,997 - INFO - 🚀 Running run_crawler for people (count=5)
2026-04-15 12:00:21,742 - INFO - 🚀 Running run_crawler for people (count=5)
2026-04-15 12:00:22,421 - INFO - 🚀 Running run_crawler for xinhua (count=5)
2026-04-15 12:00:23,156 - INFO - 🚀 Running run_crawler for xinhua (count=5)
2026-04-15 12:00:23,911 - INFO - 🚀 Running run_crawler for xinhua (count=5)
2026-04-15 12:00:24,687 - INFO - 🚀 Running run_crawler for xinhua (count=5)
2026-04-15 12:00:25,425 - INFO - 🚀 Running run_crawler for cctv (count=5)
2026-04-15 12:00:26,329 - INFO - 🚀 Running run_crawler for bbc (count=5)
2026-04-15 12:00:28,159 - INFO - 🚀 Running run_crawler for bbc (count=5)
2026-04-15 12:00:29,911 - INFO - 🚀 Running run_crawler for guardian (count=5)
2026-04-15 12:00:33,259 - INFO - 🚀 Running run_crawler for cctv (count=5)
2026-04-15 12:00:34,217 - INFO - 🚀 Running run_crawler for bbc (count=5)
2026-04-15 12:00:35,502 - INFO - 🚀 Running run_crawler for bbc (count=5)
2026-04-15 12:00:38,059 - INFO - 🚀 Running run_crawler for afp (count=5)
2026-04-15 12:00:41,327 - INFO - 🚀 Running run_crawler for apnews (count=5)
2026-04-15 12:00:44,577 - INFO - 🚀 Running run_crawler for afp (count=5)
2026-04-15 12:00:47,623 - INFO - 🚀 Running run_crawler for bbc (count=5)
2026-04-15 12:00:49,018 - INFO - 🚀 Running run_crawler for guardian (count=5)
2026-04-15 12:00:51,475 - INFO - 🚀 Running run_crawler for chinanews (count=5)
2026-04-15 12:00:52,781 - INFO - 🚀 Running run_crawler for apnews (count=5)
2026-04-15 12:00:55,825 - INFO - 🚀 Running run_crawler for xinhua (count=5)
2026-04-15 12:00:57,353 - INFO - 🚀 Running run_crawler for afp (count=5)
2026-04-15 12:01:00,359 - INFO - 🚀 Running run_crawler for chinanews (count=5)
2026-04-15 12:01:01,637 - INFO - 🚀 Running run_crawler for cctv (count=5)
2026-04-15 12:01:02,583 - INFO - 🚀 Running run_crawler for cctv (count=5)
2026-04-15 12:01:03,533 - INFO - 🚀 Running run_crawler for cctv (count=5)
2026-04-15 12:01:04,397 - INFO - 🚀 Running run_crawler for guardian (count=5)
2026-04-15 12:01:07,307 - INFO - 🚀 Running run_crawler for guardian (count=5)
2026-04-15 12:01:10,055 - INFO - 🚀 Running run_crawler for afp (count=5)
2026-04-15 12:01:12,798 - INFO - 🚀 Running run_crawler for apnews (count=5)
2026-04-15 12:01:15,868 - INFO - 🚀 Running run_crawler for chinanews (count=5)
2026-04-15 12:01:17,029 - INFO - 🚀 Running run_crawler for chinanews (count=5)
2026-04-15 12:01:32,912 - INFO - 🚀 Running run_crawler for afp (count=5)
2026-04-15 12:01:37,880 - INFO - 🚀 Running run_crawler for guardian (count=5)
2026-04-15 12:01:39,950 - INFO - 🚀 Running run_crawler for apnews (count=5)
2026-04-15 12:01:47,344 - INFO - 🚀 Running run_crawler for apnews (count=5)
2026-04-15 12:01:50,360 - INFO - 🚀 Running run_crawler for chinanews (count=5)
2026-04-15 12:06:34,666 - INFO - 🚀 Running run_crawler for all (count=5)
2026-04-15 12:06:47,924 - INFO - 🚀 Running run_crawler for ce (count=5)
2026-04-15 12:06:48,642 - INFO - 🚀 Running run_crawler for ce (count=5)
2026-04-15 12:06:49,345 - INFO - 🚀 Running run_crawler for ce (count=5)
2026-04-15 12:06:50,050 - INFO - 🚀 Running run_crawler for ce (count=5)
2026-04-15 12:06:50,750 - INFO - 🚀 Running run_crawler for ce (count=5)
2026-04-15 12:06:51,471 - INFO - 🚀 Running run_crawler for xinhua (count=5)
2026-04-15 12:06:52,311 - INFO - 🚀 Running run_crawler for xinhua (count=5)
2026-04-15 12:06:53,157 - INFO - 🚀 Running run_crawler for guardian (count=5)
2026-04-15 12:06:56,223 - INFO - 🚀 Running run_crawler for xinhua (count=5)
2026-04-15 12:06:57,022 - INFO - 🚀 Running run_crawler for guardian (count=5)
2026-04-15 12:06:59,425 - INFO - 🚀 Running run_crawler for guardian (count=5)
2026-04-15 12:07:01,904 - INFO - 🚀 Running run_crawler for guardian (count=5)
2026-04-15 12:07:04,482 - INFO - 🚀 Running run_crawler for guardian (count=5)
2026-04-15 12:07:06,561 - INFO - 🚀 Running run_crawler for apnews (count=5)
2026-04-15 12:07:09,872 - INFO - 🚀 Running run_crawler for people (count=5)
2026-04-15 12:07:10,564 - INFO - 🚀 Running run_crawler for people (count=5)
2026-04-15 12:07:11,261 - INFO - 🚀 Running run_crawler for people (count=5)
2026-04-15 12:07:12,024 - INFO - 🚀 Running run_crawler for people (count=5)
2026-04-15 12:07:15,644 - INFO - 🚀 Running run_crawler for apnews (count=5)
2026-04-15 12:07:18,903 - INFO - 🚀 Running run_crawler for apnews (count=5)
2026-04-15 12:07:22,262 - INFO - 🚀 Running run_crawler for apnews (count=5)
2026-04-15 12:07:25,507 - INFO - 🚀 Running run_crawler for apnews (count=5)
2026-04-15 12:07:28,736 - INFO - 🚀 Running run_crawler for afp (count=5)
2026-04-15 12:07:33,464 - INFO - 🚀 Running run_crawler for afp (count=5)
2026-04-15 12:07:43,539 - INFO - 🚀 Running run_crawler for people (count=5)
2026-04-15 12:07:44,350 - INFO - 🚀 Running run_crawler for bbc (count=5)
2026-04-15 12:07:47,973 - INFO - 🚀 Running run_crawler for cctv (count=5)
2026-04-15 12:07:49,103 - INFO - 🚀 Running run_crawler for cctv (count=5)
2026-04-15 12:07:50,031 - INFO - 🚀 Running run_crawler for cctv (count=5)
2026-04-15 12:07:50,987 - INFO - 🚀 Running run_crawler for cctv (count=5)
2026-04-15 12:12:57,687 - INFO - 🚀 Running run_crawler for all (count=5)
2026-04-15 12:21:36,237 - INFO - 🚀 Running run_crawler for all (count=5)
2026-04-15 12:24:31,095 - INFO - 🚀 Running run_crawler for all (count=5)
2026-04-15 12:45:58,396 - INFO - 🚀 Running run_crawler for all (count=5)
2026-04-15 12:50:24,661 - INFO - 🚀 Running run_crawler for all (count=5)
2026-04-15 13:00:00,330 - INFO - 🚀 Running run_crawler for all (count=5)
2026-04-15 13:00:18,049 - INFO - 🚀 Running run_crawler for people (count=5)
2026-04-15 13:00:18,757 - INFO - 🚀 Running run_crawler for people (count=5)
2026-04-15 13:00:19,483 - INFO - 🚀 Running run_crawler for people (count=5)
2026-04-15 13:00:20,172 - INFO - 🚀 Running run_crawler for people (count=5)
2026-04-15 13:00:20,961 - INFO - 🚀 Running run_crawler for people (count=5)
2026-04-15 13:00:21,675 - INFO - 🚀 Running run_crawler for ce (count=5)
2026-04-15 13:00:22,442 - INFO - 🚀 Running run_crawler for ce (count=5)
2026-04-15 13:00:23,235 - INFO - 🚀 Running run_crawler for ce (count=5)
2026-04-15 13:00:24,160 - INFO - 🚀 Running run_crawler for ce (count=5)
2026-04-15 13:00:25,029 - INFO - 🚀 Running run_crawler for ce (count=5)
2026-04-15 13:00:25,864 - INFO - 🚀 Running run_crawler for xinhua (count=5)
2026-04-15 13:00:26,757 - INFO - 🚀 Running run_crawler for xinhua (count=5)
2026-04-15 13:00:27,602 - INFO - 🚀 Running run_crawler for bbc (count=5)
2026-04-15 13:00:29,458 - INFO - 🚀 Running run_crawler for xinhua (count=5)
2026-04-15 13:00:30,299 - INFO - 🚀 Running run_crawler for bbc (count=5)
2026-04-15 13:00:31,525 - INFO - 🚀 Running run_crawler for cctv (count=5)
2026-04-15 13:00:32,609 - INFO - 🚀 Running run_crawler for guardian (count=5)
2026-04-15 13:00:34,584 - INFO - 🚀 Running run_crawler for guardian (count=5)
2026-04-15 13:00:37,107 - INFO - 🚀 Running run_crawler for guardian (count=5)
2026-04-15 13:00:39,716 - INFO - 🚀 Running run_crawler for cctv (count=5)
2026-04-15 13:00:40,870 - INFO - 🚀 Running run_crawler for apnews (count=5)
2026-04-15 13:00:44,780 - INFO - 🚀 Running run_crawler for chinanews (count=5)
2026-04-15 13:00:46,355 - INFO - 🚀 Running run_crawler for chinanews (count=5)
2026-04-15 13:00:47,706 - INFO - 🚀 Running run_crawler for xinhua (count=5)
2026-04-15 13:00:49,434 - INFO - 🚀 Running run_crawler for guardian (count=5)
2026-04-15 13:00:52,819 - INFO - 🚀 Running run_crawler for chinanews (count=5)
2026-04-15 13:00:54,215 - INFO - 🚀 Running run_crawler for chinanews (count=5)
2026-04-15 13:00:55,514 - INFO - 🚀 Running run_crawler for xinhua (count=5)
2026-04-15 13:00:56,423 - INFO - 🚀 Running run_crawler for all (count=5)
2026-04-15 13:01:11,281 - INFO - 🚀 Running run_crawler for chinanews (count=5)
2026-04-15 13:01:12,572 - INFO - 🚀 Running run_crawler for bbc (count=5)
2026-04-15 13:01:13,903 - INFO - 🚀 Running run_crawler for bbc (count=5)
2026-04-15 13:01:15,526 - INFO - 🚀 Running run_crawler for bbc (count=5)
2026-04-15 13:01:16,764 - INFO - 🚀 Running run_crawler for cctv (count=5)
2026-04-15 13:01:17,755 - INFO - 🚀 Running run_crawler for cctv (count=5)
2026-04-15 13:01:34,880 - INFO - 🚀 Running run_crawler for guardian (count=5)
2026-04-15 13:01:37,542 - INFO - 🚀 Running run_crawler for cctv (count=5)
2026-04-15 13:01:38,695 - INFO - 🚀 Running run_crawler for apnews (count=5)
2026-04-15 13:01:41,930 - INFO - 🚀 Running run_crawler for apnews (count=5)
2026-04-15 13:01:45,131 - INFO - 🚀 Running run_crawler for apnews (count=5)
2026-04-15 13:01:48,406 - INFO - 🚀 Running run_crawler for apnews (count=5)
2026-04-15 14:00:00,364 - INFO - 🚀 Running run_crawler for all (count=5)
2026-04-15 15:00:00,697 - INFO - 🚀 Running run_crawler for all (count=5)
2026-04-15 16:00:00,217 - INFO - 🚀 Running run_crawler for all (count=5)
2026-04-15 17:00:00,317 - INFO - 🚀 Running run_crawler for all (count=5)
2026-04-15 18:00:00,209 - INFO - 🚀 Running run_crawler for all (count=5)
2026-04-15 18:00:13,184 - INFO - 🚀 Running run_crawler for people (count=5)
2026-04-15 18:00:13,846 - INFO - 🚀 Running run_crawler for people (count=5)
2026-04-15 18:00:14,520 - INFO - 🚀 Running run_crawler for people (count=5)
2026-04-15 18:00:15,259 - INFO - 🚀 Running run_crawler for people (count=5)
2026-04-15 18:00:15,924 - INFO - 🚀 Running run_crawler for people (count=5)
2026-04-15 18:00:16,574 - INFO - 🚀 Running run_crawler for xinhua (count=5)
2026-04-15 18:00:17,472 - INFO - 🚀 Running run_crawler for xinhua (count=5)
2026-04-15 18:00:18,210 - INFO - 🚀 Running run_crawler for xinhua (count=5)
2026-04-15 18:00:18,946 - INFO - 🚀 Running run_crawler for xinhua (count=5)
2026-04-15 18:00:19,774 - INFO - 🚀 Running run_crawler for xinhua (count=5)
2026-04-15 18:00:20,489 - INFO - 🚀 Running run_crawler for cctv (count=5)
2026-04-15 18:00:21,578 - INFO - 🚀 Running run_crawler for cctv (count=5)
2026-04-15 18:00:22,475 - INFO - 🚀 Running run_crawler for cctv (count=5)
2026-04-15 18:00:23,442 - INFO - 🚀 Running run_crawler for guardian (count=5)
2026-04-15 18:00:26,201 - INFO - 🚀 Running run_crawler for guardian (count=5)
2026-04-15 18:00:28,850 - INFO - 🚀 Running run_crawler for chinanews (count=5)
2026-04-15 18:00:29,967 - INFO - 🚀 Running run_crawler for chinanews (count=5)
2026-04-15 18:00:31,070 - INFO - 🚀 Running run_crawler for bbc (count=5)
2026-04-15 18:00:33,984 - INFO - 🚀 Running run_crawler for cctv (count=5)
2026-04-15 18:00:34,866 - INFO - 🚀 Running run_crawler for chinanews (count=5)
2026-04-15 18:00:36,030 - INFO - 🚀 Running run_crawler for apnews (count=5)
2026-04-15 18:00:39,127 - INFO - 🚀 Running run_crawler for guardian (count=5)
2026-04-15 18:00:41,582 - INFO - 🚀 Running run_crawler for guardian (count=5)
2026-04-15 18:00:43,812 - INFO - 🚀 Running run_crawler for chinanews (count=5)
2026-04-15 18:00:45,270 - INFO - 🚀 Running run_crawler for apnews (count=5)
2026-04-15 18:00:48,379 - INFO - 🚀 Running run_crawler for cctv (count=5)
2026-04-15 18:00:49,254 - INFO - 🚀 Running run_crawler for guardian (count=5)
2026-04-15 18:00:51,576 - INFO - 🚀 Running run_crawler for bbc (count=5)
2026-04-15 18:00:54,630 - INFO - 🚀 Running run_crawler for apnews (count=5)
2026-04-15 18:00:57,675 - INFO - 🚀 Running run_crawler for chinanews (count=5)
2026-04-15 18:00:58,797 - INFO - 🚀 Running run_crawler for bbc (count=5)
2026-04-15 18:01:01,287 - INFO - 🚀 Running run_crawler for bbc (count=5)
2026-04-15 18:01:02,325 - INFO - 🚀 Running run_crawler for bbc (count=5)
2026-04-15 18:01:04,026 - INFO - 🚀 Running run_crawler for apnews (count=5)
2026-04-15 18:01:07,066 - INFO - 🚀 Running run_crawler for apnews (count=5)
2026-04-15 19:00:00,367 - INFO - 🚀 Running run_crawler for all (count=5)
2026-04-15 19:00:12,922 - INFO - 🚀 Running run_crawler for people (count=5)
2026-04-15 19:00:13,564 - INFO - 🚀 Running run_crawler for people (count=5)
2026-04-15 19:00:14,280 - INFO - 🚀 Running run_crawler for people (count=5)
2026-04-15 19:00:14,936 - INFO - 🚀 Running run_crawler for people (count=5)
2026-04-15 19:00:15,580 - INFO - 🚀 Running run_crawler for people (count=5)
2026-04-15 19:00:16,272 - INFO - 🚀 Running run_crawler for xinhua (count=5)
2026-04-15 19:00:16,992 - INFO - 🚀 Running run_crawler for xinhua (count=5)
2026-04-15 19:00:17,764 - INFO - 🚀 Running run_crawler for xinhua (count=5)
2026-04-15 19:00:18,574 - INFO - 🚀 Running run_crawler for xinhua (count=5)
2026-04-15 19:00:19,313 - INFO - 🚀 Running run_crawler for xinhua (count=5)
2026-04-15 19:00:20,202 - INFO - 🚀 Running run_crawler for cctv (count=5)
2026-04-15 19:00:21,083 - INFO - 🚀 Running run_crawler for cctv (count=5)
2026-04-15 19:00:21,962 - INFO - 🚀 Running run_crawler for cctv (count=5)
2026-04-15 19:00:22,847 - INFO - 🚀 Running run_crawler for cctv (count=5)
2026-04-15 19:00:23,722 - INFO - 🚀 Running run_crawler for guardian (count=5)
2026-04-15 19:00:26,228 - INFO - 🚀 Running run_crawler for guardian (count=5)
2026-04-15 19:00:28,344 - INFO - 🚀 Running run_crawler for chinanews (count=5)
2026-04-15 19:00:29,431 - INFO - 🚀 Running run_crawler for chinanews (count=5)
2026-04-15 19:00:30,557 - INFO - 🚀 Running run_crawler for chinanews (count=5)
2026-04-15 19:00:31,633 - INFO - 🚀 Running run_crawler for apnews (count=5)
2026-04-15 19:00:34,772 - INFO - 🚀 Running run_crawler for bbc (count=5)
2026-04-15 19:00:35,836 - INFO - 🚀 Running run_crawler for apnews (count=5)
2026-04-15 19:00:42,911 - INFO - 🚀 Running run_crawler for bbc (count=5)
2026-04-15 19:00:43,970 - INFO - 🚀 Running run_crawler for apnews (count=5)
2026-04-15 19:00:47,053 - INFO - 🚀 Running run_crawler for chinanews (count=5)
2026-04-15 19:00:48,203 - INFO - 🚀 Running run_crawler for bbc (count=5)
2026-04-15 19:00:49,224 - INFO - 🚀 Running run_crawler for cctv (count=5)
2026-04-15 19:00:50,120 - INFO - 🚀 Running run_crawler for guardian (count=5)
2026-04-15 19:00:53,330 - INFO - 🚀 Running run_crawler for guardian (count=5)
2026-04-15 19:00:55,289 - INFO - 🚀 Running run_crawler for guardian (count=5)
2026-04-15 19:00:57,346 - INFO - 🚀 Running run_crawler for chinanews (count=5)
2026-04-15 19:00:58,419 - INFO - 🚀 Running run_crawler for bbc (count=5)
2026-04-15 19:00:59,427 - INFO - 🚀 Running run_crawler for bbc (count=5)
2026-04-15 19:01:00,420 - INFO - 🚀 Running run_crawler for apnews (count=5)
2026-04-15 19:01:03,433 - INFO - 🚀 Running run_crawler for apnews (count=5)
2026-04-15 20:00:00,241 - INFO - 🚀 Running run_crawler for all (count=5)
2026-04-15 20:00:14,350 - INFO - 🚀 Running run_crawler for people (count=5)
2026-04-15 20:00:15,080 - INFO - 🚀 Running run_crawler for people (count=5)
2026-04-15 20:00:15,829 - INFO - 🚀 Running run_crawler for people (count=5)
2026-04-15 20:00:16,498 - INFO - 🚀 Running run_crawler for people (count=5)
2026-04-15 20:00:17,203 - INFO - 🚀 Running run_crawler for people (count=5)
2026-04-15 20:00:17,853 - INFO - 🚀 Running run_crawler for xinhua (count=5)
2026-04-15 20:00:18,624 - INFO - 🚀 Running run_crawler for xinhua (count=5)
2026-04-15 20:00:19,361 - INFO - 🚀 Running run_crawler for xinhua (count=5)
2026-04-15 20:00:20,096 - INFO - 🚀 Running run_crawler for xinhua (count=5)
2026-04-15 20:00:20,867 - INFO - 🚀 Running run_crawler for xinhua (count=5)
2026-04-15 20:00:21,632 - INFO - 🚀 Running run_crawler for cctv (count=5)
2026-04-15 20:00:22,521 - INFO - 🚀 Running run_crawler for cctv (count=5)
2026-04-15 20:00:23,548 - INFO - 🚀 Running run_crawler for cctv (count=5)
2026-04-15 20:00:24,431 - INFO - 🚀 Running run_crawler for chinanews (count=5)
2026-04-15 20:00:28,955 - INFO - 🚀 Running run_crawler for chinanews (count=5)
2026-04-15 20:00:30,104 - INFO - 🚀 Running run_crawler for chinanews (count=5)
2026-04-15 20:00:31,224 - INFO - 🚀 Running run_crawler for guardian (count=5)
2026-04-15 20:00:34,349 - INFO - 🚀 Running run_crawler for guardian (count=5)
2026-04-15 20:00:36,474 - INFO - 🚀 Running run_crawler for cctv (count=5)
2026-04-15 20:00:37,389 - INFO - 🚀 Running run_crawler for guardian (count=5)
2026-04-15 20:00:39,718 - INFO - 🚀 Running run_crawler for bbc (count=5)
2026-04-15 20:00:40,773 - INFO - 🚀 Running run_crawler for bbc (count=5)
2026-04-15 20:00:41,873 - INFO - 🚀 Running run_crawler for bbc (count=5)
2026-04-15 20:00:42,922 - INFO - 🚀 Running run_crawler for apnews (count=5)
2026-04-15 20:00:45,874 - INFO - 🚀 Running run_crawler for cctv (count=5)
2026-04-15 20:00:46,786 - INFO - 🚀 Running run_crawler for chinanews (count=5)
2026-04-15 20:00:48,219 - INFO - 🚀 Running run_crawler for guardian (count=5)
2026-04-15 20:00:50,651 - INFO - 🚀 Running run_crawler for guardian (count=5)
2026-04-15 20:00:52,781 - INFO - 🚀 Running run_crawler for bbc (count=5)
2026-04-15 20:00:53,788 - INFO - 🚀 Running run_crawler for apnews (count=5)
2026-04-15 20:00:56,932 - INFO - 🚀 Running run_crawler for chinanews (count=5)
2026-04-15 20:00:58,091 - INFO - 🚀 Running run_crawler for bbc (count=5)
2026-04-15 20:00:59,508 - INFO - 🚀 Running run_crawler for apnews (count=5)
2026-04-15 20:01:02,522 - INFO - 🚀 Running run_crawler for apnews (count=5)
2026-04-15 20:01:05,706 - INFO - 🚀 Running run_crawler for apnews (count=5)
2026-04-15 21:00:00,211 - INFO - 🚀 Running run_crawler for all (count=5)
2026-04-15 21:00:12,944 - INFO - 🚀 Running run_crawler for people (count=5)
2026-04-15 21:00:13,609 - INFO - 🚀 Running run_crawler for people (count=5)
2026-04-15 21:00:14,295 - INFO - 🚀 Running run_crawler for people (count=5)
2026-04-15 21:00:14,966 - INFO - 🚀 Running run_crawler for people (count=5)
2026-04-15 21:00:15,712 - INFO - 🚀 Running run_crawler for people (count=5)
2026-04-15 21:00:16,355 - INFO - 🚀 Running run_crawler for xinhua (count=5)
2026-04-15 21:00:17,092 - INFO - 🚀 Running run_crawler for xinhua (count=5)
2026-04-15 21:00:17,810 - INFO - 🚀 Running run_crawler for xinhua (count=5)
2026-04-15 21:00:18,530 - INFO - 🚀 Running run_crawler for xinhua (count=5)
2026-04-15 21:00:19,324 - INFO - 🚀 Running run_crawler for xinhua (count=5)
2026-04-15 21:00:20,069 - INFO - 🚀 Running run_crawler for cctv (count=5)
2026-04-15 21:00:20,953 - INFO - 🚀 Running run_crawler for cctv (count=5)
2026-04-15 21:00:21,888 - INFO - 🚀 Running run_crawler for cctv (count=5)
2026-04-15 21:00:22,813 - INFO - 🚀 Running run_crawler for cctv (count=5)
2026-04-15 21:00:23,743 - INFO - 🚀 Running run_crawler for guardian (count=5)
2026-04-15 21:00:26,286 - INFO - 🚀 Running run_crawler for guardian (count=5)
2026-04-15 21:00:28,293 - INFO - 🚀 Running run_crawler for guardian (count=5)
2026-04-15 21:00:30,259 - INFO - 🚀 Running run_crawler for bbc (count=5)
2026-04-15 21:00:31,358 - INFO - 🚀 Running run_crawler for bbc (count=5)
2026-04-15 21:00:32,376 - INFO - 🚀 Running run_crawler for guardian (count=5)
2026-04-15 21:00:34,392 - INFO - 🚀 Running run_crawler for apnews (count=5)
2026-04-15 21:00:37,473 - INFO - 🚀 Running run_crawler for chinanews (count=5)
2026-04-15 21:00:38,565 - INFO - 🚀 Running run_crawler for apnews (count=5)
2026-04-15 21:00:41,662 - INFO - 🚀 Running run_crawler for chinanews (count=5)
2026-04-15 21:00:42,793 - INFO - 🚀 Running run_crawler for bbc (count=5)
2026-04-15 21:00:43,843 - INFO - 🚀 Running run_crawler for apnews (count=5)
2026-04-15 21:00:46,942 - INFO - 🚀 Running run_crawler for cctv (count=5)
2026-04-15 21:00:47,823 - INFO - 🚀 Running run_crawler for bbc (count=5)
2026-04-15 21:00:48,898 - INFO - 🚀 Running run_crawler for bbc (count=5)
2026-04-15 21:00:49,994 - INFO - 🚀 Running run_crawler for chinanews (count=5)
2026-04-15 21:00:53,168 - INFO - 🚀 Running run_crawler for guardian (count=5)
2026-04-15 21:00:55,984 - INFO - 🚀 Running run_crawler for apnews (count=5)
2026-04-15 21:01:00,713 - INFO - 🚀 Running run_crawler for apnews (count=5)
2026-04-15 21:01:03,753 - INFO - 🚀 Running run_crawler for chinanews (count=5)
2026-04-15 21:01:05,200 - INFO - 🚀 Running run_crawler for chinanews (count=5)
2026-04-15 22:00:00,264 - INFO - 🚀 Running run_crawler for all (count=5)
2026-04-15 22:00:13,076 - INFO - 🚀 Running run_crawler for people (count=5)
2026-04-15 22:00:13,774 - INFO - 🚀 Running run_crawler for people (count=5)
2026-04-15 22:00:14,549 - INFO - 🚀 Running run_crawler for people (count=5)
2026-04-15 22:00:15,344 - INFO - 🚀 Running run_crawler for people (count=5)
2026-04-15 22:00:16,004 - INFO - 🚀 Running run_crawler for people (count=5)
2026-04-15 22:00:16,736 - INFO - 🚀 Running run_crawler for xinhua (count=5)
2026-04-15 22:00:17,506 - INFO - 🚀 Running run_crawler for xinhua (count=5)
2026-04-15 22:00:18,315 - INFO - 🚀 Running run_crawler for xinhua (count=5)
2026-04-15 22:00:19,168 - INFO - 🚀 Running run_crawler for xinhua (count=5)
2026-04-15 22:00:19,962 - INFO - 🚀 Running run_crawler for xinhua (count=5)
2026-04-15 22:00:20,769 - INFO - 🚀 Running run_crawler for guardian (count=5)
2026-04-15 22:00:23,017 - INFO - 🚀 Running run_crawler for guardian (count=5)
2026-04-15 22:00:25,862 - INFO - 🚀 Running run_crawler for cctv (count=5)
2026-04-15 22:00:26,712 - INFO - 🚀 Running run_crawler for guardian (count=5)
2026-04-15 22:00:29,156 - INFO - 🚀 Running run_crawler for cctv (count=5)
2026-04-15 22:00:30,077 - INFO - 🚀 Running run_crawler for chinanews (count=5)
2026-04-15 22:00:31,719 - INFO - 🚀 Running run_crawler for cctv (count=5)
2026-04-15 22:00:32,597 - INFO - 🚀 Running run_crawler for apnews (count=5)
2026-04-15 22:00:35,696 - INFO - 🚀 Running run_crawler for bbc (count=5)
2026-04-15 22:00:36,732 - INFO - 🚀 Running run_crawler for apnews (count=5)
2026-04-15 22:00:39,819 - INFO - 🚀 Running run_crawler for cctv (count=5)
2026-04-15 22:00:40,752 - INFO - 🚀 Running run_crawler for apnews (count=5)
2026-04-15 22:00:43,894 - INFO - 🚀 Running run_crawler for bbc (count=5)
2026-04-15 22:00:44,986 - INFO - 🚀 Running run_crawler for bbc (count=5)
2026-04-15 22:00:46,003 - INFO - 🚀 Running run_crawler for guardian (count=5)
2026-04-15 22:00:47,760 - INFO - 🚀 Running run_crawler for guardian (count=5)
2026-04-15 22:00:49,740 - INFO - 🚀 Running run_crawler for bbc (count=5)
2026-04-15 22:00:50,755 - INFO - 🚀 Running run_crawler for apnews (count=5)
2026-04-15 22:00:54,038 - INFO - 🚀 Running run_crawler for cctv (count=5)
2026-04-15 22:00:54,957 - INFO - 🚀 Running run_crawler for chinanews (count=5)
2026-04-15 22:00:56,072 - INFO - 🚀 Running run_crawler for chinanews (count=5)
2026-04-15 22:00:57,141 - INFO - 🚀 Running run_crawler for chinanews (count=5)
2026-04-15 22:00:58,208 - INFO - 🚀 Running run_crawler for chinanews (count=5)
2026-04-15 22:00:59,352 - INFO - 🚀 Running run_crawler for bbc (count=5)
2026-04-15 22:01:00,380 - INFO - 🚀 Running run_crawler for apnews (count=5)
2026-04-15 23:00:00,242 - INFO - 🚀 Running run_crawler for all (count=5)
2026-04-15 23:00:12,906 - INFO - 🚀 Running run_crawler for people (count=5)
2026-04-15 23:00:13,573 - INFO - 🚀 Running run_crawler for people (count=5)
2026-04-15 23:00:14,292 - INFO - 🚀 Running run_crawler for people (count=5)
2026-04-15 23:00:14,993 - INFO - 🚀 Running run_crawler for people (count=5)
2026-04-15 23:00:15,660 - INFO - 🚀 Running run_crawler for people (count=5)
2026-04-15 23:00:16,393 - INFO - 🚀 Running run_crawler for xinhua (count=5)
2026-04-15 23:00:17,155 - INFO - 🚀 Running run_crawler for xinhua (count=5)
2026-04-15 23:00:17,952 - INFO - 🚀 Running run_crawler for xinhua (count=5)
2026-04-15 23:00:18,688 - INFO - 🚀 Running run_crawler for xinhua (count=5)
2026-04-15 23:00:19,503 - INFO - 🚀 Running run_crawler for xinhua (count=5)
2026-04-15 23:00:20,266 - INFO - 🚀 Running run_crawler for bbc (count=5)
2026-04-15 23:00:21,325 - INFO - 🚀 Running run_crawler for bbc (count=5)
2026-04-15 23:00:22,376 - INFO - 🚀 Running run_crawler for bbc (count=5)
2026-04-15 23:00:23,454 - INFO - 🚀 Running run_crawler for cctv (count=5)
2026-04-15 23:00:24,404 - INFO - 🚀 Running run_crawler for cctv (count=5)
2026-04-15 23:00:25,280 - INFO - 🚀 Running run_crawler for guardian (count=5)
2026-04-15 23:00:28,133 - INFO - 🚀 Running run_crawler for cctv (count=5)
2026-04-15 23:00:29,042 - INFO - 🚀 Running run_crawler for chinanews (count=5)
2026-04-15 23:00:33,154 - INFO - 🚀 Running run_crawler for chinanews (count=5)
2026-04-15 23:00:34,324 - INFO - 🚀 Running run_crawler for apnews (count=5)
2026-04-15 23:00:37,405 - INFO - 🚀 Running run_crawler for cctv (count=5)
2026-04-15 23:00:38,275 - INFO - 🚀 Running run_crawler for apnews (count=5)
2026-04-15 23:00:41,334 - INFO - 🚀 Running run_crawler for chinanews (count=5)
2026-04-15 23:00:42,414 - INFO - 🚀 Running run_crawler for apnews (count=5)
2026-04-15 23:00:45,520 - INFO - 🚀 Running run_crawler for apnews (count=5)
2026-04-15 23:00:48,662 - INFO - 🚀 Running run_crawler for apnews (count=5)
2026-04-15 23:00:51,672 - INFO - 🚀 Running run_crawler for cctv (count=5)
2026-04-15 23:00:52,594 - INFO - 🚀 Running run_crawler for guardian (count=5)
2026-04-15 23:00:54,662 - INFO - 🚀 Running run_crawler for bbc (count=5)
2026-04-15 23:00:55,735 - INFO - 🚀 Running run_crawler for bbc (count=5)
2026-04-15 23:00:56,765 - INFO - 🚀 Running run_crawler for guardian (count=5)
2026-04-15 23:00:58,767 - INFO - 🚀 Running run_crawler for guardian (count=5)
2026-04-15 23:01:00,740 - INFO - 🚀 Running run_crawler for guardian (count=5)
2026-04-15 23:01:02,632 - INFO - 🚀 Running run_crawler for chinanews (count=5)
2026-04-15 23:01:03,839 - INFO - 🚀 Running run_crawler for chinanews (count=5)
2026-04-15 23:45:00,346 - INFO - 🚀 Running run_crawler for all (count=5)
2026-04-16 00:00:00,307 - INFO - 🚀 Running run_crawler for all (count=5)
2026-04-16 01:00:00,204 - INFO - 🚀 Running run_crawler for all (count=5)
2026-04-16 04:45:20,805 - INFO - 🚀 Running run_crawler for all (count=5)
2026-04-16 05:00:00,178 - INFO - 🚀 Running run_crawler for all (count=5)
2026-04-16 06:00:00,279 - INFO - 🚀 Running run_crawler for all (count=5)
2026-04-16 06:00:41,150 - INFO - 🚀 Running run_crawler for people (count=5)
2026-04-16 06:00:42,639 - INFO - 🚀 Running run_crawler for people (count=5)
2026-04-16 06:00:43,864 - INFO - 🚀 Running run_crawler for people (count=5)
2026-04-16 06:00:45,298 - INFO - 🚀 Running run_crawler for people (count=5)
2026-04-16 06:00:46,669 - INFO - 🚀 Running run_crawler for people (count=5)
2026-04-16 06:00:47,966 - INFO - 🚀 Running run_crawler for cctv (count=5)
2026-04-16 06:00:49,931 - INFO - 🚀 Running run_crawler for cctv (count=5)
2026-04-16 06:00:52,332 - INFO - 🚀 Running run_crawler for cctv (count=5)
2026-04-16 06:00:53,950 - INFO - 🚀 Running run_crawler for guardian (count=5)
2026-04-16 06:00:58,289 - INFO - 🚀 Running run_crawler for guardian (count=5)
2026-04-16 06:01:01,608 - INFO - 🚀 Running run_crawler for xinhua (count=5)
2026-04-16 06:01:13,399 - INFO - 🚀 Running run_crawler for xinhua (count=5)
2026-04-16 06:01:15,586 - INFO - 🚀 Running run_crawler for xinhua (count=5)
2026-04-16 06:01:18,143 - INFO - 🚀 Running run_crawler for bbc (count=5)
2026-04-16 06:01:20,328 - INFO - 🚀 Running run_crawler for bbc (count=5)
2026-04-16 06:01:22,440 - INFO - 🚀 Running run_crawler for chinanews (count=5)
2026-04-16 06:01:28,296 - INFO - 🚀 Running run_crawler for chinanews (count=5)
2026-04-16 06:01:30,522 - INFO - 🚀 Running run_crawler for cctv (count=5)
2026-04-16 06:01:32,753 - INFO - 🚀 Running run_crawler for cctv (count=5)
2026-04-16 06:01:34,799 - INFO - 🚀 Running run_crawler for guardian (count=5)
2026-04-16 06:01:39,691 - INFO - 🚀 Running run_crawler for guardian (count=5)
2026-04-16 06:01:43,687 - INFO - 🚀 Running run_crawler for apnews (count=5)
2026-04-16 06:01:52,558 - INFO - 🚀 Running run_crawler for guardian (count=5)
2026-04-16 06:01:55,775 - INFO - 🚀 Running run_crawler for xinhua (count=5)
2026-04-16 06:01:58,202 - INFO - 🚀 Running run_crawler for xinhua (count=5)
2026-04-16 06:01:59,745 - INFO - 🚀 Running run_crawler for apnews (count=5)
2026-04-16 06:02:04,035 - INFO - 🚀 Running run_crawler for apnews (count=5)
2026-04-16 06:02:08,005 - INFO - 🚀 Running run_crawler for apnews (count=5)
2026-04-16 06:02:12,387 - INFO - 🚀 Running run_crawler for apnews (count=5)
2026-04-16 06:02:17,208 - INFO - 🚀 Running run_crawler for bbc (count=5)
2026-04-16 06:02:19,434 - INFO - 🚀 Running run_crawler for chinanews (count=5)
2026-04-16 06:02:22,182 - INFO - 🚀 Running run_crawler for chinanews (count=5)
2026-04-16 06:02:24,588 - INFO - 🚀 Running run_crawler for bbc (count=5)
2026-04-16 06:02:27,973 - INFO - 🚀 Running run_crawler for bbc (count=5)
2026-04-16 07:00:00,286 - INFO - 🚀 Running run_crawler for all (count=5)
2026-04-16 08:00:00,329 - INFO - 🚀 Running run_crawler for all (count=5)
2026-04-16 09:00:00,388 - INFO - 🚀 Running run_crawler for all (count=5)
2026-04-16 10:00:00,229 - INFO - 🚀 Running run_crawler for all (count=5)
2026-04-16 10:00:12,990 - INFO - 🚀 Running run_crawler for people (count=5)
2026-04-16 10:00:13,702 - INFO - 🚀 Running run_crawler for people (count=5)
2026-04-16 10:00:14,371 - INFO - 🚀 Running run_crawler for people (count=5)
2026-04-16 10:00:15,045 - INFO - 🚀 Running run_crawler for people (count=5)
2026-04-16 10:00:15,791 - INFO - 🚀 Running run_crawler for people (count=5)
2026-04-16 10:00:16,503 - INFO - 🚀 Running run_crawler for xinhua (count=5)
2026-04-16 10:00:17,303 - INFO - 🚀 Running run_crawler for xinhua (count=5)
2026-04-16 10:00:18,034 - INFO - 🚀 Running run_crawler for xinhua (count=5)
2026-04-16 10:00:18,771 - INFO - 🚀 Running run_crawler for xinhua (count=5)
2026-04-16 10:00:19,488 - INFO - 🚀 Running run_crawler for xinhua (count=5)
2026-04-16 10:00:20,221 - INFO - 🚀 Running run_crawler for cctv (count=5)
2026-04-16 10:00:21,093 - INFO - 🚀 Running run_crawler for cctv (count=5)
2026-04-16 10:00:21,959 - INFO - 🚀 Running run_crawler for cctv (count=5)
2026-04-16 10:00:22,852 - INFO - 🚀 Running run_crawler for guardian (count=5)
2026-04-16 10:00:25,167 - INFO - 🚀 Running run_crawler for guardian (count=5)
2026-04-16 10:00:27,206 - INFO - 🚀 Running run_crawler for guardian (count=5)
2026-04-16 10:00:29,419 - INFO - 🚀 Running run_crawler for cctv (count=5)
2026-04-16 10:00:30,304 - INFO - 🚀 Running run_crawler for apnews (count=5)
2026-04-16 10:00:33,544 - INFO - 🚀 Running run_crawler for bbc (count=5)
2026-04-16 10:00:34,628 - INFO - 🚀 Running run_crawler for apnews (count=5)
2026-04-16 10:00:37,938 - INFO - 🚀 Running run_crawler for chinanews (count=5)
2026-04-16 10:00:39,198 - INFO - 🚀 Running run_crawler for bbc (count=5)
2026-04-16 10:00:40,247 - INFO - 🚀 Running run_crawler for chinanews (count=5)
2026-04-16 10:00:41,416 - INFO - 🚀 Running run_crawler for bbc (count=5)
2026-04-16 10:00:42,999 - INFO - 🚀 Running run_crawler for chinanews (count=5)
2026-04-16 10:00:44,110 - INFO - 🚀 Running run_crawler for cctv (count=5)
2026-04-16 10:00:44,978 - INFO - 🚀 Running run_crawler for guardian (count=5)
2026-04-16 10:00:47,702 - INFO - 🚀 Running run_crawler for apnews (count=5)
2026-04-16 10:00:52,198 - INFO - 🚀 Running run_crawler for apnews (count=5)
2026-04-16 10:00:55,453 - INFO - 🚀 Running run_crawler for chinanews (count=5)
2026-04-16 10:00:56,654 - INFO - 🚀 Running run_crawler for guardian (count=5)
2026-04-16 10:00:59,241 - INFO - 🚀 Running run_crawler for bbc (count=5)
2026-04-16 10:01:00,341 - INFO - 🚀 Running run_crawler for bbc (count=5)
2026-04-16 10:01:01,378 - INFO - 🚀 Running run_crawler for apnews (count=5)
2026-04-16 10:01:04,656 - INFO - 🚀 Running run_crawler for chinanews (count=5)
2026-04-16 10:41:09,182 - INFO - 🚀 Running run_crawler for all (count=5)
2026-04-16 10:41:15,077 - INFO - 🚀 Running run_crawler for all (count=5)
2026-04-16 10:43:58,535 - INFO - 🚀 Running run_crawler for all (count=5)
2026-04-16 11:00:00,276 - INFO - 🚀 Running run_crawler for all (count=5)
2026-04-16 11:02:07,956 - INFO - 🚀 Running run_crawler for all (count=5)
2026-04-16 11:10:59,738 - INFO - 🚀 Running run_crawler for all (count=5)
2026-04-16 12:00:00,232 - INFO - 🚀 Running run_crawler for all (count=5)
2026-04-16 12:01:04,106 - INFO - 🚀 Running run_crawler for xinhua (count=5)
2026-04-16 12:01:17,744 - INFO - 🚀 Running run_crawler for xinhua (count=5)
2026-04-16 12:01:30,416 - INFO - 🚀 Running run_crawler for xinhua (count=5)
2026-04-16 12:01:42,883 - INFO - 🚀 Running run_crawler for xinhua (count=5)
2026-04-16 12:01:54,544 - INFO - 🚀 Running run_crawler for xinhua (count=5)
2026-04-16 12:02:06,386 - INFO - 🚀 Running run_crawler for people (count=5)
2026-04-16 12:02:18,323 - INFO - 🚀 Running run_crawler for people (count=5)
2026-04-16 12:02:30,538 - INFO - 🚀 Running run_crawler for guardian (count=5)
2026-04-16 12:02:41,866 - INFO - 🚀 Running run_crawler for chinanews (count=5)
2026-04-16 12:02:54,104 - INFO - 🚀 Running run_crawler for 澳门新闻局 (count=5)
2026-04-16 12:03:06,359 - INFO - 🚀 Running run_crawler for people (count=5)
2026-04-16 12:03:16,777 - INFO - 🚀 Running run_crawler for people (count=5)
2026-04-16 12:03:28,788 - INFO - 🚀 Running run_crawler for cctv (count=5)
2026-04-16 12:03:40,932 - INFO - 🚀 Running run_crawler for chinanews (count=5)
2026-04-16 12:03:52,284 - INFO - 🚀 Running run_crawler for chinanews (count=5)
2026-04-16 12:04:04,175 - INFO - 🚀 Running run_crawler for people (count=5)
2026-04-16 12:04:16,180 - INFO - 🚀 Running run_crawler for cctv (count=5)
2026-04-16 13:00:00,373 - INFO - 🚀 Running run_crawler for all (count=5)
2026-04-16 13:00:39,118 - INFO - 🚀 Running run_crawler for xinhua (count=5)
2026-04-16 13:00:51,505 - INFO - 🚀 Running run_crawler for xinhua (count=5)
2026-04-16 13:01:03,714 - INFO - 🚀 Running run_crawler for xinhua (count=5)
2026-04-16 13:01:16,027 - INFO - 🚀 Running run_crawler for xinhua (count=5)
2026-04-16 13:01:27,992 - INFO - 🚀 Running run_crawler for xinhua (count=5)
2026-04-16 13:01:40,136 - INFO - 🚀 Running run_crawler for people (count=5)
2026-04-16 13:01:52,526 - INFO - 🚀 Running run_crawler for people (count=5)
2026-04-16 13:02:04,577 - INFO - 🚀 Running run_crawler for apnews (count=5)
2026-04-16 13:02:16,456 - INFO - 🚀 Running run_crawler for chinanews (count=5)
2026-04-16 13:02:28,444 - INFO - 🚀 Running run_crawler for people (count=5)
2026-04-16 13:02:40,306 - INFO - 🚀 Running run_crawler for chinanews (count=5)
2026-04-16 13:02:52,085 - INFO - 🚀 Running run_crawler for people (count=5)
2026-04-16 13:03:03,836 - INFO - 🚀 Running run_crawler for people (count=5)
2026-04-16 14:00:00,360 - INFO - 🚀 Running run_crawler for all (count=5)
2026-04-16 14:01:04,562 - INFO - 🚀 Running run_crawler for 澳门新闻局 (count=5)
2026-04-16 14:02:07,965 - INFO - 🚀 Running run_crawler for 澳门新闻局 (count=5)
2026-04-16 14:02:20,049 - INFO - 🚀 Running run_crawler for 澳门新闻局 (count=5)
2026-04-16 14:02:32,100 - INFO - 🚀 Running run_crawler for 澳门新闻局 (count=5)
2026-04-16 14:02:43,453 - INFO - 🚀 Running run_crawler for 澳门新闻局 (count=5)
2026-04-16 14:02:54,568 - INFO - 🚀 Running run_crawler for people (count=5)
2026-04-16 14:03:06,250 - INFO - 🚀 Running run_crawler for people (count=5)
2026-04-16 14:03:17,301 - INFO - 🚀 Running run_crawler for cctv (count=5)
2026-04-16 14:03:29,145 - INFO - 🚀 Running run_crawler for cctv (count=5)
2026-04-16 14:03:41,195 - INFO - 🚀 Running run_crawler for people (count=5)
2026-04-16 14:03:52,678 - INFO - 🚀 Running run_crawler for cctv (count=5)
2026-04-16 14:04:04,157 - INFO - 🚀 Running run_crawler for people (count=5)
2026-04-16 14:04:15,374 - INFO - 🚀 Running run_crawler for cctv (count=5)
2026-04-16 14:30:15,762 - INFO - 🚀 Running run_crawler for all (count=5)
2026-04-16 14:30:30,182 - INFO - 🚀 Running run_crawler for xinhua (count=5)
2026-04-16 14:30:43,065 - INFO - 🚀 Running run_crawler for xinhua (count=5)
2026-04-16 14:30:55,866 - INFO - 🚀 Running run_crawler for xinhua (count=5)
2026-04-16 14:31:08,594 - INFO - 🚀 Running run_crawler for xinhua (count=5)
2026-04-16 14:31:20,900 - INFO - 🚀 Running run_crawler for xinhua (count=5)
2026-04-16 14:31:33,965 - INFO - 🚀 Running run_crawler for 澳门新闻局 (count=5)
2026-04-16 14:31:46,317 - INFO - 🚀 Running run_crawler for 澳门新闻局 (count=5)
2026-04-16 14:31:58,675 - INFO - 🚀 Running run_crawler for 澳门新闻局 (count=5)
2026-04-16 14:32:11,575 - INFO - 🚀 Running run_crawler for 澳门新闻局 (count=5)
2026-04-16 14:32:23,892 - INFO - 🚀 Running run_crawler for 澳门新闻局 (count=5)
2026-04-16 14:32:36,000 - INFO - 🚀 Running run_crawler for people (count=5)
2026-04-16 14:32:47,826 - INFO - 🚀 Running run_crawler for chinanews (count=5)
2026-04-16 15:00:00,234 - INFO - 🚀 Running run_crawler for all (count=5)
2026-04-16 15:00:14,878 - INFO - 🚀 Running run_crawler for xinhua (count=5)
2026-04-16 15:00:24,744 - INFO - 🚀 Running run_crawler for xinhua (count=5)
2026-04-16 15:00:37,411 - INFO - 🚀 Running run_crawler for xinhua (count=5)
2026-04-16 15:00:50,004 - INFO - 🚀 Running run_crawler for xinhua (count=5)
2026-04-16 15:01:01,708 - INFO - 🚀 Running run_crawler for xinhua (count=5)
2026-04-16 15:01:13,032 - INFO - 🚀 Running run_crawler for cctv (count=5)
2026-04-16 15:01:25,849 - INFO - 🚀 Running run_crawler for cctv (count=5)
2026-04-16 15:01:38,133 - INFO - 🚀 Running run_crawler for chinanews (count=5)
2026-04-16 15:01:51,494 - INFO - 🚀 Running run_crawler for chinanews (count=5)
2026-04-16 15:02:04,733 - INFO - 🚀 Running run_crawler for people (count=5)
2026-04-16 15:02:17,332 - INFO - 🚀 Running run_crawler for chinanews (count=5)
2026-04-16 15:02:29,897 - INFO - 🚀 Running run_crawler for cctv (count=5)
2026-04-16 15:02:43,080 - INFO - 🚀 Running run_crawler for cctv (count=5)
2026-04-16 15:02:54,706 - INFO - 🚀 Running run_crawler for guardian (count=5)
2026-04-16 15:03:07,736 - INFO - 🚀 Running run_crawler for guardian (count=5)
2026-04-16 15:03:19,141 - INFO - 🚀 Running run_crawler for guardian (count=5)
2026-04-16 16:00:00,285 - INFO - 🚀 Running run_crawler for all (count=5)
2026-04-16 16:01:04,993 - INFO - 🚀 Running run_crawler for 澳门新闻局 (count=5)
2026-04-16 16:02:06,023 - INFO - 🚀 Running run_crawler for 澳门新闻局 (count=5)
2026-04-16 16:03:07,081 - INFO - 🚀 Running run_crawler for 澳门新闻局 (count=5)
2026-04-16 16:04:08,187 - INFO - 🚀 Running run_crawler for 澳门新闻局 (count=5)
2026-04-16 16:05:09,186 - INFO - 🚀 Running run_crawler for 澳门新闻局 (count=5)
2026-04-16 16:06:10,251 - ERROR - Send Error: [Errno 32] Broken pipe
2026-04-16 16:06:10,251 - INFO - 🚀 Running run_crawler for people (count=5)
2026-04-16 16:06:22,648 - ERROR - Send Error: [Errno 32] Broken pipe
2026-04-16 16:06:22,649 - INFO - 🚀 Running run_crawler for people (count=5)
2026-04-16 16:06:34,780 - ERROR - Send Error: [Errno 32] Broken pipe
2026-04-16 16:06:34,781 - INFO - 🚀 Running run_crawler for xinhua (count=5)
2026-04-16 16:06:47,616 - ERROR - Send Error: [Errno 32] Broken pipe
2026-04-16 16:06:47,617 - INFO - 🚀 Running run_crawler for xinhua (count=5)
2026-04-16 16:07:00,411 - ERROR - Send Error: [Errno 32] Broken pipe
2026-04-16 17:00:00,271 - INFO - 🚀 Running run_crawler for all (count=5)
2026-04-16 17:00:24,710 - INFO - 🚀 Running run_crawler for 澳门新闻局 (count=5)
2026-04-16 17:00:37,658 - INFO - 🚀 Running run_crawler for 澳门新闻局 (count=5)
2026-04-16 17:00:50,762 - INFO - 🚀 Running run_crawler for 澳门新闻局 (count=5)
2026-04-16 17:01:03,731 - INFO - 🚀 Running run_crawler for 澳门新闻局 (count=5)
2026-04-16 17:01:15,604 - INFO - 🚀 Running run_crawler for 澳门新闻局 (count=5)
2026-04-16 17:01:28,883 - INFO - 🚀 Running run_crawler for people (count=5)
2026-04-16 17:01:41,560 - INFO - 🚀 Running run_crawler for people (count=5)
2026-04-16 17:01:54,353 - INFO - 🚀 Running run_crawler for cctv (count=5)
2026-04-16 17:02:07,427 - INFO - 🚀 Running run_crawler for bbc (count=5)
2026-04-16 17:02:21,429 - INFO - 🚀 Running run_crawler for xinhua (count=5)
2026-04-16 17:02:34,254 - INFO - 🚀 Running run_crawler for xinhua (count=5)
2026-04-16 17:02:46,749 - INFO - 🚀 Running run_crawler for people (count=5)
2026-04-16 17:02:59,462 - INFO - 🚀 Running run_crawler for people (count=5)
2026-04-16 17:03:12,331 - INFO - 🚀 Running run_crawler for xinhua (count=5)
2026-04-16 17:06:40,844 - INFO - 🚀 Running run_crawler for all (count=5)
2026-04-16 18:00:00,470 - INFO - 🚀 Running run_crawler for all (count=5)
2026-04-16 18:00:15,590 - INFO - 🚀 Running run_crawler for xinhua (count=5)
2026-04-16 18:00:28,965 - INFO - 🚀 Running run_crawler for xinhua (count=5)
2026-04-16 18:00:42,206 - INFO - 🚀 Running run_crawler for xinhua (count=5)
2026-04-16 18:00:55,311 - INFO - 🚀 Running run_crawler for xinhua (count=5)
2026-04-16 18:01:09,060 - INFO - 🚀 Running run_crawler for xinhua (count=5)
2026-04-16 18:01:22,605 - INFO - 🚀 Running run_crawler for chinanews (count=5)
2026-04-16 18:01:35,696 - INFO - 🚀 Running run_crawler for chinanews (count=5)
2026-04-16 18:01:48,083 - INFO - 🚀 Running run_crawler for xinhua (count=5)
2026-04-16 18:02:02,045 - INFO - 🚀 Running run_crawler for apnews (count=5)
2026-04-16 18:02:14,346 - INFO - 🚀 Running run_crawler for chinanews (count=5)
2026-04-16 18:02:27,101 - INFO - 🚀 Running run_crawler for chinanews (count=5)
2026-04-16 18:02:42,793 - INFO - 🚀 Running run_crawler for people (count=5)
2026-04-16 18:02:55,551 - INFO - 🚀 Running run_crawler for guardian (count=5)
2026-04-16 18:03:08,270 - INFO - 🚀 Running run_crawler for guardian (count=5)
2026-04-16 18:03:21,650 - INFO - 🚀 Running run_crawler for xinhua (count=5)
2026-04-16 18:03:36,696 - INFO - 🚀 Running run_crawler for people (count=5)
2026-04-16 18:03:50,143 - INFO - 🚀 Running run_crawler for guardian (count=5)
