2026-04-16 19:05:18,059 - INFO - 🚀 Running run_crawler for all (count=5)
2026-04-16 19:10:52,834 - INFO - 🚀 Running run_crawler for all (count=5)
2026-04-16 19:22:51,311 - INFO - 🚀 Running run_crawler for all (count=5)
2026-04-16 19:35:31,985 - INFO - 🚀 Running run_crawler for all (count=5)
2026-04-16 19:56:06,936 - INFO - 🚀 Running run_crawler for all (count=5)
2026-04-16 20:00:00,191 - INFO - 🚀 Running run_crawler for all (count=5)
2026-04-16 20:00:15,140 - INFO - 🚀 Running run_crawler for xinhua (count=5)
2026-04-16 20:00:31,283 - INFO - 🚀 Running run_crawler for xinhua (count=5)
2026-04-16 20:00:47,266 - INFO - 🚀 Running run_crawler for xinhua (count=5)
2026-04-16 20:01:03,664 - INFO - 🚀 Running run_crawler for xinhua (count=5)
2026-04-16 20:01:20,292 - INFO - 🚀 Running run_crawler for xinhua (count=5)
2026-04-16 20:01:48,871 - INFO - 🚀 Running run_crawler for xinhua (count=5)
2026-04-16 20:02:05,085 - INFO - 🚀 Running run_crawler for xinhua (count=5)
2026-04-16 20:02:19,930 - INFO - 🚀 Running run_crawler for bbc (count=5)
2026-04-16 20:02:35,901 - INFO - 🚀 Running run_crawler for cctv (count=5)
2026-04-16 20:02:51,172 - INFO - 🚀 Running run_crawler for cctv (count=5)
2026-04-16 20:03:06,809 - INFO - 🚀 Running run_crawler for xinhua (count=5)
2026-04-16 20:03:22,694 - INFO - 🚀 Running run_crawler for xinhua (count=5)
2026-04-16 20:03:39,021 - INFO - 🚀 Running run_crawler for xinhua (count=5)
2026-04-16 20:09:40,659 - INFO - 🚀 Running run_crawler for all (count=5)
2026-04-16 20:42:32,206 - INFO - 🚀 Running run_crawler for all (count=5)
2026-04-16 20:51:13,430 - INFO - 🚀 Running run_crawler for all (count=5)
2026-04-16 20:51:31,718 - INFO - API Response saved to /app/../logs/api_response_all_20260416_205131.json
2026-04-16 21:00:00,175 - INFO - 🚀 Running run_crawler for all (count=5)
2026-04-16 21:00:23,002 - INFO - API Response saved to /app/../logs/api_response_all_20260416_210022.json
2026-04-16 21:00:23,102 - INFO - 🚀 Running run_crawler for xinhua (count=5)
2026-04-16 21:00:23,479 - INFO - 🚀 Running run_crawler for xinhua (count=5)
2026-04-16 21:00:23,857 - INFO - 🚀 Running run_crawler for xinhua (count=5)
2026-04-16 21:00:24,208 - INFO - 🚀 Running run_crawler for xinhua (count=5)
2026-04-16 21:00:24,540 - INFO - 🚀 Running run_crawler for xinhua (count=5)
2026-04-16 21:00:24,948 - INFO - 🚀 Running run_crawler for xinhua (count=5)
2026-04-16 21:00:25,368 - INFO - 🚀 Running run_crawler for xinhua (count=5)
2026-04-16 21:00:25,793 - INFO - 🚀 Running run_crawler for xinhua (count=5)
2026-04-16 21:00:26,129 - INFO - 🚀 Running run_crawler for xinhua (count=5)
2026-04-16 21:00:26,455 - INFO - 🚀 Running run_crawler for xinhua (count=5)
2026-04-16 21:00:26,794 - INFO - 🚀 Running run_crawler for people (count=5)
2026-04-16 21:00:27,108 - INFO - 🚀 Running run_crawler for people (count=5)
2026-04-16 21:00:27,443 - INFO - 🚀 Running run_crawler for people (count=5)
2026-04-16 21:00:27,781 - INFO - 🚀 Running run_crawler for people (count=5)
2026-04-16 21:00:28,103 - INFO - 🚀 Running run_crawler for people (count=5)
2026-04-16 21:00:28,420 - INFO - 🚀 Running run_crawler for chinanews (count=5)
2026-04-16 21:00:28,788 - INFO - 🚀 Running run_crawler for chinanews (count=5)
2026-04-16 21:00:29,102 - INFO - 🚀 Running run_crawler for chinanews (count=5)
2026-04-16 21:00:29,420 - INFO - 🚀 Running run_crawler for chinanews (count=5)
2026-04-16 21:00:29,748 - INFO - 🚀 Running run_crawler for chinanews (count=5)
2026-04-16 21:00:30,078 - INFO - 🚀 Running run_crawler for cctv (count=5)
2026-04-16 21:00:30,413 - INFO - 🚀 Running run_crawler for cctv (count=5)
2026-04-16 21:00:30,823 - INFO - 🚀 Running run_crawler for cctv (count=5)
2026-04-16 21:00:31,167 - INFO - 🚀 Running run_crawler for cctv (count=5)
2026-04-16 21:00:31,507 - INFO - 🚀 Running run_crawler for cctv (count=5)
2026-04-16 21:00:31,866 - INFO - 🚀 Running run_crawler for 澳门新闻局 (count=5)
2026-04-16 21:00:32,225 - INFO - 🚀 Running run_crawler for 澳门新闻局 (count=5)
2026-04-16 21:00:32,561 - INFO - 🚀 Running run_crawler for 澳门新闻局 (count=5)
2026-04-16 21:00:32,884 - INFO - 🚀 Running run_crawler for 澳门新闻局 (count=5)
2026-04-16 21:00:33,212 - INFO - 🚀 Running run_crawler for 澳门新闻局 (count=5)
2026-04-16 21:00:33,557 - INFO - 🚀 Running run_crawler for chinanews (count=5)
2026-04-16 21:00:33,893 - INFO - 🚀 Running run_crawler for chinanews (count=5)
2026-04-16 21:00:34,225 - INFO - 🚀 Running run_crawler for chinanews (count=5)
2026-04-16 21:00:34,568 - INFO - 🚀 Running run_crawler for chinanews (count=5)
2026-04-16 21:00:34,907 - INFO - 🚀 Running run_crawler for chinanews (count=5)
2026-04-16 21:00:35,229 - INFO - 🚀 Running run_crawler for bbc (count=5)
2026-04-16 21:00:35,564 - INFO - 🚀 Running run_crawler for bbc (count=5)
2026-04-16 21:00:35,896 - INFO - 🚀 Running run_crawler for bbc (count=5)
2026-04-16 21:00:36,220 - INFO - 🚀 Running run_crawler for bbc (count=5)
2026-04-16 21:00:36,553 - INFO - 🚀 Running run_crawler for bbc (count=5)
2026-04-16 21:00:36,879 - INFO - 🚀 Running run_crawler for cctv (count=5)
2026-04-16 21:00:37,263 - INFO - 🚀 Running run_crawler for cctv (count=5)
2026-04-16 21:00:37,601 - INFO - 🚀 Running run_crawler for cctv (count=5)
2026-04-16 21:00:37,945 - INFO - 🚀 Running run_crawler for cctv (count=5)
2026-04-16 21:00:38,283 - INFO - 🚀 Running run_crawler for cctv (count=5)
2026-04-16 21:00:38,730 - INFO - 🚀 Running run_crawler for guardian (count=5)
2026-04-16 21:00:39,100 - INFO - 🚀 Running run_crawler for guardian (count=5)
2026-04-16 21:00:39,452 - INFO - 🚀 Running run_crawler for guardian (count=5)
2026-04-16 21:00:39,783 - INFO - 🚀 Running run_crawler for guardian (count=5)
2026-04-16 21:00:40,094 - INFO - 🚀 Running run_crawler for apnews (count=5)
2026-04-16 21:00:40,413 - INFO - 🚀 Running run_crawler for guardian (count=5)
2026-04-16 21:00:40,749 - INFO - 🚀 Running run_crawler for apnews (count=5)
2026-04-16 21:00:41,084 - INFO - 🚀 Running run_crawler for apnews (count=5)
2026-04-16 21:00:41,407 - INFO - 🚀 Running run_crawler for apnews (count=5)
2026-04-16 21:00:41,727 - INFO - 🚀 Running run_crawler for apnews (count=5)
2026-04-16 21:04:15,329 - INFO - 🚀 Running run_crawler for all (count=5)
2026-04-16 21:55:01,964 - INFO - 🚀 Running run_crawler for all (count=5) - Including international sources
2026-04-16 22:00:00,188 - INFO - 🚀 Running run_crawler for all (count=5) - Including international sources
2026-04-16 22:00:53,812 - INFO - 🚀 Running run_crawler for xinhua (count=5) - Including international sources
2026-04-16 22:01:38,577 - INFO - 🚀 Running run_crawler for xinhua (count=5) - Including international sources
2026-04-16 22:02:15,651 - INFO - 🚀 Running run_crawler for xinhua (count=5) - Including international sources
2026-04-16 22:03:01,424 - INFO - 🚀 Running run_crawler for xinhua (count=5) - Including international sources
2026-04-16 22:04:04,659 - INFO - 🚀 Running run_crawler for xinhua (count=5) - Including international sources
2026-04-16 22:04:45,502 - INFO - 🚀 Running run_crawler for 中国新闻网 (count=5) - Including international sources
2026-04-16 22:05:23,874 - INFO - 🚀 Running run_crawler for 中国新闻网 (count=5) - Including international sources
2026-04-16 22:05:58,613 - INFO - 🚀 Running run_crawler for all (count=50) - Including international sources
2026-04-16 23:00:00,392 - INFO - 🚀 Running run_crawler for all (count=50) - Including international sources
2026-04-16 23:00:18,407 - INFO - 🚀 Running run_crawler for xinhua (count=50) - Including international sources
2026-04-16 23:00:34,480 - INFO - 🚀 Running run_crawler for xinhua (count=50) - Including international sources
2026-04-16 23:00:51,355 - INFO - 🚀 Running run_crawler for xinhua (count=50) - Including international sources
2026-04-16 23:01:08,249 - INFO - 🚀 Running run_crawler for xinhua (count=50) - Including international sources
2026-04-16 23:01:24,599 - INFO - 🚀 Running run_crawler for xinhua (count=50) - Including international sources
2026-04-16 23:01:40,930 - INFO - 🚀 Running run_crawler for people (count=50) - Including international sources
2026-04-16 23:01:57,514 - INFO - 🚀 Running run_crawler for people (count=50) - Including international sources
2026-04-16 23:02:13,909 - INFO - 🚀 Running run_crawler for apnews (count=50) - Including international sources
2026-04-16 23:02:30,462 - INFO - 🚀 Running run_crawler for chinanews (count=50) - Including international sources
2026-04-16 23:02:47,370 - INFO - 🚀 Running run_crawler for chinanews (count=50) - Including international sources
2026-04-16 23:03:04,027 - INFO - 🚀 Running run_crawler for people (count=50) - Including international sources
2026-04-16 23:03:20,211 - INFO - 🚀 Running run_crawler for apnews (count=50) - Including international sources
2026-04-16 23:03:36,217 - INFO - 🚀 Running run_crawler for 澳门新闻局 (count=50) - Including international sources
2026-04-16 23:03:52,679 - INFO - 🚀 Running run_crawler for 澳门新闻局 (count=50) - Including international sources
2026-04-16 23:04:09,433 - INFO - 🚀 Running run_crawler for chinanews (count=50) - Including international sources
2026-04-16 23:08:27,952 - INFO - 🚀 Running run_crawler for all (count=5)
